{"/Users/ldlafountaine/code/got/source/index.ts":{"path":"/Users/ldlafountaine/code/got/source/index.ts","statementMap":{"0":{"start":{"line":3,"column":4},"end":{"line":3,"column":71}},"1":{"start":{"line":3,"column":21},"end":{"line":3,"column":71}},"2":{"start":{"line":3,"column":53},"end":{"line":3,"column":71}},"3":{"start":{"line":5,"column":0},"end":{"line":5,"column":62}},"4":{"start":{"line":6,"column":17},"end":{"line":6,"column":36}},"5":{"start":{"line":7,"column":17},"end":{"line":74,"column":1}},"6":{"start":{"line":43,"column":51},"end":{"line":43,"column":64}},"7":{"start":{"line":75,"column":12},"end":{"line":75,"column":38}},"8":{"start":{"line":76,"column":0},"end":{"line":76,"column":22}},"9":{"start":{"line":78,"column":0},"end":{"line":78,"column":21}},"10":{"start":{"line":79,"column":0},"end":{"line":79,"column":29}},"11":{"start":{"line":81,"column":0},"end":{"line":81,"column":29}},"12":{"start":{"line":82,"column":18},"end":{"line":82,"column":40}},"13":{"start":{"line":83,"column":0},"end":{"line":83,"column":49}},"14":{"start":{"line":84,"column":15},"end":{"line":84,"column":34}},"15":{"start":{"line":85,"column":0},"end":{"line":85,"column":37}},"16":{"start":{"line":86,"column":0},"end":{"line":86,"column":41}},"17":{"start":{"line":87,"column":0},"end":{"line":87,"column":45}},"18":{"start":{"line":88,"column":0},"end":{"line":88,"column":41}},"19":{"start":{"line":89,"column":0},"end":{"line":89,"column":39}},"20":{"start":{"line":90,"column":0},"end":{"line":90,"column":55}},"21":{"start":{"line":91,"column":0},"end":{"line":91,"column":69}},"22":{"start":{"line":92,"column":0},"end":{"line":92,"column":45}},"23":{"start":{"line":93,"column":0},"end":{"line":93,"column":43}}},"fnMap":{"0":{"name":"__export","decl":{"start":{"line":2,"column":9},"end":{"line":2,"column":17}},"loc":{"start":{"line":2,"column":21},"end":{"line":4,"column":1}},"line":2},"1":{"name":"(anonymous_1)","decl":{"start":{"line":43,"column":28},"end":{"line":43,"column":29}},"loc":{"start":{"line":43,"column":51},"end":{"line":43,"column":64}},"line":43}},"branchMap":{"0":{"loc":{"start":{"line":3,"column":21},"end":{"line":3,"column":71}},"type":"if","locations":[{"start":{"line":3,"column":21},"end":{"line":3,"column":71}},{"start":{"line":3,"column":21},"end":{"line":3,"column":71}}],"line":3}},"s":{"0":1,"1":1,"2":1,"3":1,"4":1,"5":1,"6":3,"7":1,"8":1,"9":1,"10":1,"11":1,"12":1,"13":1,"14":1,"15":1,"16":1,"17":1,"18":1,"19":1,"20":1,"21":1,"22":1,"23":1},"f":{"0":1,"1":3},"b":{"0":[1,0]},"inputSourceMap":{"version":3,"file":"/Users/ldlafountaine/code/got/source/index.ts","sources":["/Users/ldlafountaine/code/got/source/index.ts"],"names":[],"mappings":";;;;;AAAA,qCAAgD;AAGhD,MAAM,QAAQ,GAAa;IAC1B,OAAO,EAAE;QACR,MAAM,EAAE,KAAK;QACb,KAAK,EAAE;YACN,KAAK,EAAE,CAAC;YACR,OAAO,EAAE;gBACR,KAAK;gBACL,KAAK;gBACL,MAAM;gBACN,QAAQ;gBACR,SAAS;gBACT,OAAO;aACP;YACD,WAAW,EAAE;gBACZ,GAAG;gBACH,GAAG;gBACH,GAAG;gBACH,GAAG;gBACH,GAAG;gBACH,GAAG;gBACH,GAAG;gBACH,GAAG;gBACH,GAAG;gBACH,GAAG;aACH;YACD,UAAU,EAAE;gBACX,WAAW;gBACX,YAAY;gBACZ,YAAY;gBACZ,cAAc;gBACd,OAAO;gBACP,WAAW;gBACX,aAAa;gBACb,WAAW;aACX;YACD,aAAa,EAAE,SAAS;YACxB,cAAc,EAAE,CAAC,EAAC,aAAa,EAAC,EAAE,EAAE,CAAC,aAAa;SAClD;QACD,OAAO,EAAE,EAAE;QACX,OAAO,EAAE;YACR,YAAY,EAAE,2CAA2C;SACzD;QACD,KAAK,EAAE;YACN,IAAI,EAAE,EAAE;YACR,aAAa,EAAE,EAAE;YACjB,cAAc,EAAE,EAAE;YAClB,WAAW,EAAE,EAAE;YACf,WAAW,EAAE,EAAE;YACf,aAAa,EAAE,EAAE;SACjB;QACD,UAAU,EAAE,IAAI;QAChB,eAAe,EAAE,IAAI;QACrB,cAAc,EAAE,IAAI;QACpB,QAAQ,EAAE,KAAK;QACf,KAAK,EAAE,KAAK;QACZ,QAAQ,EAAE,KAAK;QACf,cAAc,EAAE,KAAK;QACrB,YAAY,EAAE,MAAM;QACpB,eAAe,EAAE,KAAK;QACtB,YAAY,EAAE,EAAE;QAChB,SAAS,EAAE,EAAE;QACb,eAAe,EAAE,IAAI;QACrB,oBAAoB,EAAE,KAAK;QAC3B,OAAO,EAAE,EAAE;KACX;IACD,QAAQ,EAAE,CAAC,uBAAc,CAAC;IAC1B,eAAe,EAAE,KAAK;CACtB,CAAC;AAEF,MAAM,GAAG,GAAG,gBAAM,CAAC,QAAQ,CAAC,CAAC;AAE7B,kBAAe,GAAG,CAAC;AAEnB,sCAAsC;AACtC,MAAM,CAAC,OAAO,GAAG,GAAG,CAAC;AACrB,MAAM,CAAC,OAAO,CAAC,OAAO,GAAG,GAAG,CAAC;AAE7B,eAAe;AACf,6BAAwB;AASxB,yCAEqB;AADpB,qCAAA,WAAW,CAAkB;AAG9B,mCAUkB;AATjB,4BAAA,QAAQ,CAAA;AACR,8BAAA,UAAU,CAAA;AACV,gCAAA,YAAY,CAAA;AACZ,8BAAA,UAAU,CAAA;AACV,6BAAA,SAAS,CAAA;AACT,qCAAA,iBAAiB,CAAA;AACjB,4CAAA,wBAAwB,CAAA;AACxB,gCAAA,YAAY,CAAA;AACZ,+BAAA,WAAW,CAAA","sourcesContent":["import create, {defaultHandler} from './create';\nimport {Defaults} from './types';\n\nconst defaults: Defaults = {\n\toptions: {\n\t\tmethod: 'GET',\n\t\tretry: {\n\t\t\tlimit: 2,\n\t\t\tmethods: [\n\t\t\t\t'GET',\n\t\t\t\t'PUT',\n\t\t\t\t'HEAD',\n\t\t\t\t'DELETE',\n\t\t\t\t'OPTIONS',\n\t\t\t\t'TRACE'\n\t\t\t],\n\t\t\tstatusCodes: [\n\t\t\t\t408,\n\t\t\t\t413,\n\t\t\t\t429,\n\t\t\t\t500,\n\t\t\t\t502,\n\t\t\t\t503,\n\t\t\t\t504,\n\t\t\t\t521,\n\t\t\t\t522,\n\t\t\t\t524\n\t\t\t],\n\t\t\terrorCodes: [\n\t\t\t\t'ETIMEDOUT',\n\t\t\t\t'ECONNRESET',\n\t\t\t\t'EADDRINUSE',\n\t\t\t\t'ECONNREFUSED',\n\t\t\t\t'EPIPE',\n\t\t\t\t'ENOTFOUND',\n\t\t\t\t'ENETUNREACH',\n\t\t\t\t'EAI_AGAIN'\n\t\t\t],\n\t\t\tmaxRetryAfter: undefined,\n\t\t\tcalculateDelay: ({computedValue}) => computedValue\n\t\t},\n\t\ttimeout: {},\n\t\theaders: {\n\t\t\t'user-agent': 'got (https://github.com/sindresorhus/got)'\n\t\t},\n\t\thooks: {\n\t\t\tinit: [],\n\t\t\tbeforeRequest: [],\n\t\t\tbeforeRedirect: [],\n\t\t\tbeforeRetry: [],\n\t\t\tbeforeError: [],\n\t\t\tafterResponse: []\n\t\t},\n\t\tdecompress: true,\n\t\tthrowHttpErrors: true,\n\t\tfollowRedirect: true,\n\t\tisStream: false,\n\t\tcache: false,\n\t\tdnsCache: false,\n\t\tuseElectronNet: false,\n\t\tresponseType: 'text',\n\t\tresolveBodyOnly: false,\n\t\tmaxRedirects: 10,\n\t\tprefixUrl: '',\n\t\tmethodRewriting: true,\n\t\tignoreInvalidCookies: false,\n\t\tcontext: {}\n\t},\n\thandlers: [defaultHandler],\n\tmutableDefaults: false\n};\n\nconst got = create(defaults);\n\nexport default got;\n\n// For CommonJS default export support\nmodule.exports = got;\nmodule.exports.default = got;\n\n// Export types\nexport * from './types';\n\nexport {\n\tGot,\n\tGotStream,\n\tReturnStream,\n\tGotReturn\n} from './create';\n\nexport {\n\tProxyStream as ResponseStream\n} from './as-stream';\n\nexport {\n\tGotError,\n\tCacheError,\n\tRequestError,\n\tParseError,\n\tHTTPError,\n\tMaxRedirectsError,\n\tUnsupportedProtocolError,\n\tTimeoutError,\n\tCancelError\n} from './errors';\n\nexport {\n\tInitHook,\n\tBeforeRequestHook,\n\tBeforeRedirectHook,\n\tBeforeRetryHook,\n\tBeforeErrorHook,\n\tAfterResponseHook,\n\tHookType,\n\tHooks,\n\tHookEvent\n} from './known-hook-events';\n"]},"_coverageSchema":"1a1c01bbd47fc00a2c39e90264f33305004495a9","hash":"4ea7de3a94ada9abec5fc7e8e954b6f17873c157","contentHash":"3444559d163a934ccdafaafd5f4a9d270ea812c5045a4a9e67060974cc733f0c"},"/Users/ldlafountaine/code/got/source/create.ts":{"path":"/Users/ldlafountaine/code/got/source/create.ts","statementMap":{"0":{"start":{"line":2,"column":0},"end":{"line":2,"column":62}},"1":{"start":{"line":3,"column":21},"end":{"line":3,"column":44}},"2":{"start":{"line":4,"column":20},"end":{"line":4,"column":42}},"3":{"start":{"line":5,"column":15},"end":{"line":5,"column":34}},"4":{"start":{"line":6,"column":30},"end":{"line":6,"column":62}},"5":{"start":{"line":7,"column":22},"end":{"line":7,"column":52}},"6":{"start":{"line":8,"column":27},"end":{"line":8,"column":119}},"7":{"start":{"line":8,"column":40},"end":{"line":8,"column":119}},"8":{"start":{"line":9,"column":22},"end":{"line":9,"column":107}},"9":{"start":{"line":9,"column":34},"end":{"line":9,"column":106}},"10":{"start":{"line":10,"column":16},"end":{"line":17,"column":1}},"11":{"start":{"line":18,"column":0},"end":{"line":18,"column":58}},"12":{"start":{"line":18,"column":44},"end":{"line":18,"column":57}},"13":{"start":{"line":19,"column":15},"end":{"line":100,"column":1}},"14":{"start":{"line":21,"column":4},"end":{"line":21,"column":46}},"15":{"start":{"line":22,"column":4},"end":{"line":34,"column":8}},"16":{"start":{"line":22,"column":53},"end":{"line":34,"column":5}},"17":{"start":{"line":25,"column":23},"end":{"line":28,"column":10}},"18":{"start":{"line":26,"column":12},"end":{"line":26,"column":36}},"19":{"start":{"line":27,"column":12},"end":{"line":27,"column":24}},"20":{"start":{"line":29,"column":8},"end":{"line":32,"column":9}},"21":{"start":{"line":30,"column":12},"end":{"line":30,"column":71}},"22":{"start":{"line":31,"column":12},"end":{"line":31,"column":84}},"23":{"start":{"line":33,"column":8},"end":{"line":33,"column":22}},"24":{"start":{"line":36,"column":16},"end":{"line":56,"column":5}},"25":{"start":{"line":38,"column":24},"end":{"line":38,"column":25}},"26":{"start":{"line":39,"column":32},"end":{"line":41,"column":9}},"27":{"start":{"line":40,"column":12},"end":{"line":40,"column":141}},"28":{"start":{"line":43,"column":8},"end":{"line":54,"column":9}},"29":{"start":{"line":44,"column":12},"end":{"line":44,"column":101}},"30":{"start":{"line":47,"column":12},"end":{"line":53,"column":13}},"31":{"start":{"line":48,"column":16},"end":{"line":48,"column":28}},"32":{"start":{"line":52,"column":16},"end":{"line":52,"column":45}},"33":{"start":{"line":57,"column":4},"end":{"line":84,"column":6}},"34":{"start":{"line":58,"column":29},"end":{"line":58,"column":47}},"35":{"start":{"line":59,"column":23},"end":{"line":59,"column":49}},"36":{"start":{"line":61,"column":8},"end":{"line":74,"column":9}},"37":{"start":{"line":62,"column":12},"end":{"line":73,"column":13}},"38":{"start":{"line":63,"column":16},"end":{"line":63,"column":58}},"39":{"start":{"line":64,"column":16},"end":{"line":64,"column":62}},"40":{"start":{"line":65,"column":16},"end":{"line":65,"column":65}},"41":{"start":{"line":68,"column":16},"end":{"line":68,"column":41}},"42":{"start":{"line":69,"column":16},"end":{"line":71,"column":17}},"43":{"start":{"line":70,"column":20},"end":{"line":70,"column":53}},"44":{"start":{"line":72,"column":16},"end":{"line":72,"column":56}},"45":{"start":{"line":75,"column":8},"end":{"line":75,"column":82}},"46":{"start":{"line":75,"column":46},"end":{"line":75,"column":80}},"47":{"start":{"line":76,"column":8},"end":{"line":78,"column":9}},"48":{"start":{"line":77,"column":12},"end":{"line":77,"column":50}},"49":{"start":{"line":79,"column":8},"end":{"line":83,"column":11}},"50":{"start":{"line":86,"column":4},"end":{"line":86,"column":76}},"51":{"start":{"line":86,"column":35},"end":{"line":86,"column":75}},"52":{"start":{"line":87,"column":4},"end":{"line":91,"column":5}},"53":{"start":{"line":89,"column":8},"end":{"line":89,"column":73}},"54":{"start":{"line":89,"column":40},"end":{"line":89,"column":72}},"55":{"start":{"line":90,"column":8},"end":{"line":90,"column":87}},"56":{"start":{"line":90,"column":47},"end":{"line":90,"column":86}},"57":{"start":{"line":92,"column":4},"end":{"line":92,"column":88}},"58":{"start":{"line":93,"column":4},"end":{"line":98,"column":7}},"59":{"start":{"line":99,"column":4},"end":{"line":99,"column":15}},"60":{"start":{"line":101,"column":0},"end":{"line":101,"column":25}}},"fnMap":{"0":{"name":"(anonymous_0)","decl":{"start":{"line":8,"column":27},"end":{"line":8,"column":28}},"loc":{"start":{"line":8,"column":40},"end":{"line":8,"column":119}},"line":8},"1":{"name":"(anonymous_1)","decl":{"start":{"line":9,"column":22},"end":{"line":9,"column":23}},"loc":{"start":{"line":9,"column":34},"end":{"line":9,"column":106}},"line":9},"2":{"name":"(anonymous_2)","decl":{"start":{"line":18,"column":25},"end":{"line":18,"column":26}},"loc":{"start":{"line":18,"column":44},"end":{"line":18,"column":57}},"line":18},"3":{"name":"(anonymous_3)","decl":{"start":{"line":19,"column":15},"end":{"line":19,"column":16}},"loc":{"start":{"line":19,"column":29},"end":{"line":100,"column":1}},"line":19},"4":{"name":"(anonymous_4)","decl":{"start":{"line":22,"column":46},"end":{"line":22,"column":47}},"loc":{"start":{"line":22,"column":53},"end":{"line":34,"column":5}},"line":22},"5":{"name":"(anonymous_5)","decl":{"start":{"line":22,"column":53},"end":{"line":22,"column":54}},"loc":{"start":{"line":22,"column":72},"end":{"line":34,"column":5}},"line":22},"6":{"name":"(anonymous_6)","decl":{"start":{"line":25,"column":35},"end":{"line":25,"column":36}},"loc":{"start":{"line":25,"column":49},"end":{"line":28,"column":9}},"line":25},"7":{"name":"(anonymous_7)","decl":{"start":{"line":36,"column":16},"end":{"line":36,"column":17}},"loc":{"start":{"line":36,"column":34},"end":{"line":56,"column":5}},"line":36},"8":{"name":"(anonymous_8)","decl":{"start":{"line":39,"column":32},"end":{"line":39,"column":33}},"loc":{"start":{"line":39,"column":48},"end":{"line":41,"column":9}},"line":39},"9":{"name":"(anonymous_9)","decl":{"start":{"line":57,"column":17},"end":{"line":57,"column":18}},"loc":{"start":{"line":57,"column":44},"end":{"line":84,"column":5}},"line":57},"10":{"name":"(anonymous_10)","decl":{"start":{"line":75,"column":35},"end":{"line":75,"column":36}},"loc":{"start":{"line":75,"column":46},"end":{"line":75,"column":80}},"line":75},"11":{"name":"(anonymous_11)","decl":{"start":{"line":86,"column":17},"end":{"line":86,"column":18}},"loc":{"start":{"line":86,"column":35},"end":{"line":86,"column":75}},"line":86},"12":{"name":"(anonymous_12)","decl":{"start":{"line":89,"column":22},"end":{"line":89,"column":23}},"loc":{"start":{"line":89,"column":40},"end":{"line":89,"column":72}},"line":89},"13":{"name":"(anonymous_13)","decl":{"start":{"line":90,"column":29},"end":{"line":90,"column":30}},"loc":{"start":{"line":90,"column":47},"end":{"line":90,"column":86}},"line":90}},"branchMap":{"0":{"loc":{"start":{"line":8,"column":40},"end":{"line":8,"column":119}},"type":"cond-expr","locations":[{"start":{"line":8,"column":59},"end":{"line":8,"column":87}},{"start":{"line":8,"column":90},"end":{"line":8,"column":119}}],"line":8},"1":{"loc":{"start":{"line":9,"column":34},"end":{"line":9,"column":106}},"type":"binary-expr","locations":[{"start":{"line":9,"column":34},"end":{"line":9,"column":64}},{"start":{"line":9,"column":68},"end":{"line":9,"column":106}}],"line":9},"2":{"loc":{"start":{"line":29,"column":8},"end":{"line":32,"column":9}},"type":"if","locations":[{"start":{"line":29,"column":8},"end":{"line":32,"column":9}},{"start":{"line":29,"column":8},"end":{"line":32,"column":9}}],"line":29},"3":{"loc":{"start":{"line":29,"column":12},"end":{"line":29,"column":48}},"type":"binary-expr","locations":[{"start":{"line":29,"column":12},"end":{"line":29,"column":27}},{"start":{"line":29,"column":31},"end":{"line":29,"column":48}}],"line":29},"4":{"loc":{"start":{"line":40,"column":62},"end":{"line":40,"column":139}},"type":"cond-expr","locations":[{"start":{"line":40,"column":103},"end":{"line":40,"column":121}},{"start":{"line":40,"column":124},"end":{"line":40,"column":139}}],"line":40},"5":{"loc":{"start":{"line":47,"column":12},"end":{"line":53,"column":13}},"type":"if","locations":[{"start":{"line":47,"column":12},"end":{"line":53,"column":13}},{"start":{"line":47,"column":12},"end":{"line":53,"column":13}}],"line":47},"6":{"loc":{"start":{"line":47,"column":16},"end":{"line":47,"column":79}},"type":"cond-expr","locations":[{"start":{"line":47,"column":59},"end":{"line":47,"column":65}},{"start":{"line":47,"column":68},"end":{"line":47,"column":79}}],"line":47},"7":{"loc":{"start":{"line":47,"column":16},"end":{"line":47,"column":56}},"type":"binary-expr","locations":[{"start":{"line":47,"column":16},"end":{"line":47,"column":39}},{"start":{"line":47,"column":43},"end":{"line":47,"column":56}}],"line":47},"8":{"loc":{"start":{"line":62,"column":12},"end":{"line":73,"column":13}},"type":"if","locations":[{"start":{"line":62,"column":12},"end":{"line":73,"column":13}},{"start":{"line":62,"column":12},"end":{"line":73,"column":13}}],"line":62},"9":{"loc":{"start":{"line":69,"column":16},"end":{"line":71,"column":17}},"type":"if","locations":[{"start":{"line":69,"column":16},"end":{"line":71,"column":17}},{"start":{"line":69,"column":16},"end":{"line":71,"column":17}}],"line":69},"10":{"loc":{"start":{"line":76,"column":8},"end":{"line":78,"column":9}},"type":"if","locations":[{"start":{"line":76,"column":8},"end":{"line":78,"column":9}},{"start":{"line":76,"column":8},"end":{"line":78,"column":9}}],"line":76},"11":{"loc":{"start":{"line":94,"column":15},"end":{"line":94,"column":84}},"type":"cond-expr","locations":[{"start":{"line":94,"column":42},"end":{"line":94,"column":50}},{"start":{"line":94,"column":53},"end":{"line":94,"column":84}}],"line":94}},"s":{"0":1,"1":1,"2":1,"3":1,"4":1,"5":1,"6":1,"7":5,"8":1,"9":1,"10":1,"11":1,"12":5,"13":1,"14":2,"15":2,"16":2,"17":5,"18":5,"19":5,"20":5,"21":0,"22":0,"23":5,"24":2,"25":5,"26":5,"27":5,"28":5,"29":5,"30":0,"31":0,"32":0,"33":2,"34":1,"35":1,"36":1,"37":1,"38":0,"39":0,"40":0,"41":1,"42":1,"43":0,"44":1,"45":1,"46":1,"47":1,"48":1,"49":1,"50":2,"51":0,"52":2,"53":12,"54":0,"55":12,"56":0,"57":2,"58":2,"59":2,"60":1},"f":{"0":5,"1":1,"2":5,"3":2,"4":2,"5":5,"6":5,"7":5,"8":5,"9":1,"10":1,"11":0,"12":0,"13":0},"b":{"0":[0,5],"1":[1,0],"2":[0,5],"3":[5,0],"4":[5,0],"5":[0,0],"6":[0,0],"7":[0,0],"8":[0,1],"9":[0,1],"10":[1,0],"11":[0,2]},"inputSourceMap":{"version":3,"file":"/Users/ldlafountaine/code/got/source/create.ts","sources":["/Users/ldlafountaine/code/got/source/create.ts"],"names":[],"mappings":";;AACA,6CAAqC;AACrC,2CAAkD;AAClD,mCAAmC;AACnC,+DAAuE;AACvE,qDAA6C;AAwB7C,MAAM,kBAAkB,GAAG,CAAC,OAA0B,EAAa,EAAE,CAAC,OAAO,CAAC,QAAQ,CAAC,CAAC,CAAC,mBAAQ,CAAC,OAAO,CAAC,CAAC,CAAC,CAAC,oBAAS,CAAC,OAAO,CAAC,CAAC;AAEhI,MAAM,aAAa,GAAG,CAAC,KAA0B,EAAgB,EAAE,CAAC,CACnE,OAAO,CAAC,GAAG,CAAC,KAAK,EAAE,UAAU,CAAC,IAAI,OAAO,CAAC,GAAG,CAAC,KAAK,CAAC,QAAQ,EAAE,SAAS,CAAC,CACxE,CAAC;AA8CF,MAAM,OAAO,GAA6B;IACzC,KAAK;IACL,MAAM;IACN,KAAK;IACL,OAAO;IACP,MAAM;IACN,QAAQ;CACR,CAAC;AAEW,QAAA,cAAc,GAAoB,CAAC,OAAO,EAAE,IAAI,EAAE,EAAE,CAAC,IAAI,CAAC,OAAO,CAAC,CAAC;AAEhF,MAAM,MAAM,GAAG,CAAC,QAAkB,EAAO,EAAE;IAC1C,sCAAsC;IACtC,QAAQ,CAAC,YAAY,GAAG,QAAQ,CAAC,QAAQ,CAAC;IAC1C,QAAQ,CAAC,QAAQ,GAAG,QAAQ,CAAC,QAAQ,CAAC,GAAG,CAAC,EAAE,CAAC,EAAE,CAAC,CAAC,CAAC,OAAO,EAAE,IAAI,EAAE,EAAE;QAClE,4CAA4C;QAC5C,IAAI,IAA8B,CAAC;QAEnC,MAAM,MAAM,GAAG,EAAE,CAAC,OAAO,EAAE,UAAU,CAAC,EAAE;YACvC,IAAI,GAAG,IAAI,CAAC,UAAU,CAAC,CAAC;YACxB,OAAO,IAAI,CAAC;QACb,CAAC,CAAC,CAAC;QAEH,IAAI,MAAM,KAAK,IAAI,IAAI,CAAC,OAAO,CAAC,QAAQ,EAAE;YACzC,MAAM,CAAC,cAAc,CAAC,MAAM,EAAE,MAAM,CAAC,cAAc,CAAC,IAAI,CAAC,CAAC,CAAC;YAC3D,MAAM,CAAC,gBAAgB,CAAC,MAAM,EAAE,MAAM,CAAC,yBAAyB,CAAC,IAAI,CAAC,CAAC,CAAC;SACxE;QAED,OAAO,MAAM,CAAC;IACf,CAAC,CAAC,CAAC,CAAC;IAEJ,yFAAyF;IACzF,MAAM,GAAG,GAAQ,CAAC,GAAiB,EAAE,OAAiB,EAAa,EAAE;;QACpE,IAAI,SAAS,GAAG,CAAC,CAAC;QAClB,MAAM,eAAe,GAAG,CAAC,UAA6B,EAAa,EAAE;YACpE,OAAO,QAAQ,CAAC,QAAQ,CAAC,SAAS,EAAE,CAAC,CACpC,UAAU,EACV,SAAS,KAAK,QAAQ,CAAC,QAAQ,CAAC,MAAM,CAAC,CAAC,CAAC,kBAAkB,CAAC,CAAC,CAAC,eAAe,CAChE,CAAC;QAChB,CAAC,CAAC;QAEF,oDAAoD;QACpD,IAAI;YACH,OAAO,eAAe,CAAC,wCAAkB,CAAC,GAAG,EAAE,OAAO,EAAE,QAAQ,CAAC,CAAC,CAAC;SACnE;QAAC,OAAO,KAAK,EAAE;YACf,UAAI,OAAO,0CAAE,QAAQ,EAAE;gBACtB,MAAM,KAAK,CAAC;aACZ;iBAAM;gBACN,+EAA+E;gBAC/E,OAAO,OAAO,CAAC,MAAM,CAAC,KAAK,CAAC,CAAC;aAC7B;SACD;QACD,mDAAmD;IACpD,CAAC,CAAC;IAEF,GAAG,CAAC,MAAM,GAAG,CAAC,GAAG,kBAAkB,EAAE,EAAE;QACtC,MAAM,YAAY,GAAc,CAAC,QAAQ,CAAC,OAAO,CAAC,CAAC;QACnD,IAAI,QAAQ,GAAsB,CAAC,GAAG,QAAQ,CAAC,YAAa,CAAC,CAAC;QAC9D,IAAI,eAAoC,CAAC;QAEzC,KAAK,MAAM,KAAK,IAAI,kBAAkB,EAAE;YACvC,IAAI,aAAa,CAAC,KAAK,CAAC,EAAE;gBACzB,YAAY,CAAC,IAAI,CAAC,KAAK,CAAC,QAAQ,CAAC,OAAO,CAAC,CAAC;gBAC1C,QAAQ,CAAC,IAAI,CAAC,GAAG,KAAK,CAAC,QAAQ,CAAC,YAAa,CAAC,CAAC;gBAC/C,eAAe,GAAG,KAAK,CAAC,QAAQ,CAAC,eAAe,CAAC;aACjD;iBAAM;gBACN,YAAY,CAAC,IAAI,CAAC,KAAK,CAAC,CAAC;gBAEzB,IAAI,OAAO,CAAC,GAAG,CAAC,KAAK,EAAE,UAAU,CAAC,EAAE;oBACnC,QAAQ,CAAC,IAAI,CAAC,GAAG,KAAK,CAAC,QAAQ,CAAC,CAAC;iBACjC;gBAED,eAAe,GAAG,KAAK,CAAC,eAAe,CAAC;aACxC;SACD;QAED,QAAQ,GAAG,QAAQ,CAAC,MAAM,CAAC,OAAO,CAAC,EAAE,CAAC,OAAO,KAAK,sBAAc,CAAC,CAAC;QAElE,IAAI,QAAQ,CAAC,MAAM,KAAK,CAAC,EAAE;YAC1B,QAAQ,CAAC,IAAI,CAAC,sBAAc,CAAC,CAAC;SAC9B;QAED,OAAO,MAAM,CAAC;YACb,OAAO,EAAE,kCAAY,CAAC,GAAG,YAAY,CAAmB;YACxD,QAAQ;YACR,eAAe,EAAE,OAAO,CAAC,eAAe,CAAC;SACzC,CAAC,CAAC;IACJ,CAAC,CAAC;IAEF,wEAAwE;IACxE,GAAG,CAAC,MAAM,GAAG,CAAC,GAAG,EAAE,OAAO,EAAE,EAAE,CAAC,GAAG,CAAC,GAAG,EAAE,EAAC,GAAG,OAAO,EAAE,QAAQ,EAAE,IAAI,EAAC,CAAC,CAAC;IAEtE,KAAK,MAAM,MAAM,IAAI,OAAO,EAAE;QAC7B,2EAA2E;QAC3E,GAAG,CAAC,MAAM,CAAC,GAAG,CAAC,GAAiB,EAAE,OAAiB,EAAa,EAAE,CAAC,GAAG,CAAC,GAAG,EAAE,EAAC,GAAG,OAAO,EAAE,MAAM,EAAC,CAAC,CAAC;QAClG,GAAG,CAAC,MAAM,CAAC,MAAM,CAAC,GAAG,CAAC,GAAG,EAAE,OAAO,EAAE,EAAE,CAAC,GAAG,CAAC,MAAM,CAAC,GAAG,EAAE,EAAC,GAAG,OAAO,EAAE,MAAM,EAAC,CAAC,CAAC;KAC7E;IAED,MAAM,CAAC,MAAM,CAAC,GAAG,EAAE,EAAC,GAAG,MAAM,EAAE,YAAY,EAAZ,kCAAY,EAAC,CAAC,CAAC;IAC9C,MAAM,CAAC,cAAc,CAAC,GAAG,EAAE,UAAU,EAAE;QACtC,KAAK,EAAE,QAAQ,CAAC,eAAe,CAAC,CAAC,CAAC,QAAQ,CAAC,CAAC,CAAC,qBAAU,CAAC,QAAQ,CAAC;QACjE,QAAQ,EAAE,QAAQ,CAAC,eAAe;QAClC,YAAY,EAAE,QAAQ,CAAC,eAAe;QACtC,UAAU,EAAE,IAAI;KAChB,CAAC,CAAC;IAEH,OAAO,GAAG,CAAC;AACZ,CAAC,CAAC;AAEF,kBAAe,MAAM,CAAC","sourcesContent":["import {Merge} from 'type-fest';\nimport asPromise from './as-promise';\nimport asStream, {ProxyStream} from './as-stream';\nimport * as errors from './errors';\nimport {normalizeArguments, mergeOptions} from './normalize-arguments';\nimport deepFreeze from './utils/deep-freeze';\nimport {\n\tCancelableRequest,\n\tDefaults,\n\tDefaultOptions,\n\tExtendOptions,\n\tHandlerFunction,\n\tNormalizedOptions,\n\tOptions,\n\tResponse,\n\tURLOrOptions\n} from './types';\n\nexport type HTTPAlias =\n\t| 'get'\n\t| 'post'\n\t| 'put'\n\t| 'patch'\n\t| 'head'\n\t| 'delete';\n\nexport type ReturnStream = <T>(url: string | Merge<Options, {isStream?: true}>, options?: Merge<Options, {isStream?: true}>) => ProxyStream<T>;\nexport type GotReturn<T = unknown> = CancelableRequest<T> | ProxyStream<T>;\n\nconst getPromiseOrStream = (options: NormalizedOptions): GotReturn => options.isStream ? asStream(options) : asPromise(options);\n\nconst isGotInstance = (value: Got | ExtendOptions): value is Got => (\n\tReflect.has(value, 'defaults') && Reflect.has(value.defaults, 'options')\n);\n\nexport type OptionsOfDefaultResponseBody = Merge<Options, {isStream?: false; resolveBodyOnly?: false; responseType?: 'default'}>;\ntype OptionsOfTextResponseBody = Merge<Options, {isStream?: false; resolveBodyOnly?: false; responseType: 'text'}>;\ntype OptionsOfJSONResponseBody = Merge<Options, {isStream?: false; resolveBodyOnly?: false; responseType: 'json'}>;\ntype OptionsOfBufferResponseBody = Merge<Options, {isStream?: false; resolveBodyOnly?: false; responseType: 'buffer'}>;\ntype ResponseBodyOnly = {resolveBodyOnly: true};\n\ninterface GotFunctions {\n\t// `asPromise` usage\n\t<T = string>(url: string | OptionsOfDefaultResponseBody, options?: OptionsOfDefaultResponseBody): CancelableRequest<Response<T>>;\n\t(url: string | OptionsOfTextResponseBody, options?: OptionsOfTextResponseBody): CancelableRequest<Response<string>>;\n\t<T>(url: string | OptionsOfJSONResponseBody, options?: OptionsOfJSONResponseBody): CancelableRequest<Response<T>>;\n\t(url: string | OptionsOfBufferResponseBody, options?: OptionsOfBufferResponseBody): CancelableRequest<Response<Buffer>>;\n\t// `resolveBodyOnly` usage\n\t<T = string>(url: string | Merge<OptionsOfDefaultResponseBody, ResponseBodyOnly>, options?: Merge<OptionsOfDefaultResponseBody, ResponseBodyOnly>): CancelableRequest<T>;\n\t(url: string | Merge<OptionsOfTextResponseBody, ResponseBodyOnly>, options?: Merge<OptionsOfTextResponseBody, ResponseBodyOnly>): CancelableRequest<string>;\n\t<T>(url: string | Merge<OptionsOfJSONResponseBody, ResponseBodyOnly>, options?: Merge<OptionsOfJSONResponseBody, ResponseBodyOnly>): CancelableRequest<T>;\n\t(url: string | Merge<OptionsOfBufferResponseBody, ResponseBodyOnly>, options?: Merge<OptionsOfBufferResponseBody, ResponseBodyOnly>): CancelableRequest<Buffer>;\n\t// `asStream` usage\n\t<T>(url: string | Merge<Options, {isStream: true}>, options?: Merge<Options, {isStream: true}>): ProxyStream<T>;\n}\n\nexport interface Got extends Record<HTTPAlias, GotFunctions>, GotFunctions {\n\tstream: GotStream;\n\tdefaults: Defaults;\n\tGotError: typeof errors.GotError;\n\tCacheError: typeof errors.CacheError;\n\tRequestError: typeof errors.RequestError;\n\tReadError: typeof errors.ReadError;\n\tParseError: typeof errors.ParseError;\n\tHTTPError: typeof errors.HTTPError;\n\tMaxRedirectsError: typeof errors.MaxRedirectsError;\n\tUnsupportedProtocolError: typeof errors.UnsupportedProtocolError;\n\tTimeoutError: typeof errors.TimeoutError;\n\tCancelError: typeof errors.CancelError;\n\n\textend(...instancesOrOptions: Array<Got | ExtendOptions>): Got;\n\tmergeInstances(parent: Got, ...instances: Got[]): Got;\n\tmergeOptions(...sources: Options[]): NormalizedOptions;\n}\n\nexport interface GotStream extends Record<HTTPAlias, ReturnStream> {\n\t(url: URLOrOptions, options?: Options): ProxyStream;\n}\n\nconst aliases: ReadonlyArray<HTTPAlias> = [\n\t'get',\n\t'post',\n\t'put',\n\t'patch',\n\t'head',\n\t'delete'\n];\n\nexport const defaultHandler: HandlerFunction = (options, next) => next(options);\n\nconst create = (defaults: Defaults): Got => {\n\t// Proxy properties from next handlers\n\tdefaults._rawHandlers = defaults.handlers;\n\tdefaults.handlers = defaults.handlers.map(fn => ((options, next) => {\n\t\t// This will be assigned by assigning result\n\t\tlet root!: ReturnType<typeof next>;\n\n\t\tconst result = fn(options, newOptions => {\n\t\t\troot = next(newOptions);\n\t\t\treturn root;\n\t\t});\n\n\t\tif (result !== root && !options.isStream) {\n\t\t\tObject.setPrototypeOf(result, Object.getPrototypeOf(root));\n\t\t\tObject.defineProperties(result, Object.getOwnPropertyDescriptors(root));\n\t\t}\n\n\t\treturn result;\n\t}));\n\n\t// @ts-ignore Because the for loop handles it for us, as well as the other Object.defines\n\tconst got: Got = (url: URLOrOptions, options?: Options): GotReturn => {\n\t\tlet iteration = 0;\n\t\tconst iterateHandlers = (newOptions: NormalizedOptions): GotReturn => {\n\t\t\treturn defaults.handlers[iteration++](\n\t\t\t\tnewOptions,\n\t\t\t\titeration === defaults.handlers.length ? getPromiseOrStream : iterateHandlers\n\t\t\t) as GotReturn;\n\t\t};\n\n\t\t/* eslint-disable @typescript-eslint/return-await */\n\t\ttry {\n\t\t\treturn iterateHandlers(normalizeArguments(url, options, defaults));\n\t\t} catch (error) {\n\t\t\tif (options?.isStream) {\n\t\t\t\tthrow error;\n\t\t\t} else {\n\t\t\t\t// @ts-ignore It's an Error not a response, but TS thinks it's calling .resolve\n\t\t\t\treturn Promise.reject(error);\n\t\t\t}\n\t\t}\n\t\t/* eslint-enable @typescript-eslint/return-await */\n\t};\n\n\tgot.extend = (...instancesOrOptions) => {\n\t\tconst optionsArray: Options[] = [defaults.options];\n\t\tlet handlers: HandlerFunction[] = [...defaults._rawHandlers!];\n\t\tlet mutableDefaults: boolean | undefined;\n\n\t\tfor (const value of instancesOrOptions) {\n\t\t\tif (isGotInstance(value)) {\n\t\t\t\toptionsArray.push(value.defaults.options);\n\t\t\t\thandlers.push(...value.defaults._rawHandlers!);\n\t\t\t\tmutableDefaults = value.defaults.mutableDefaults;\n\t\t\t} else {\n\t\t\t\toptionsArray.push(value);\n\n\t\t\t\tif (Reflect.has(value, 'handlers')) {\n\t\t\t\t\thandlers.push(...value.handlers);\n\t\t\t\t}\n\n\t\t\t\tmutableDefaults = value.mutableDefaults;\n\t\t\t}\n\t\t}\n\n\t\thandlers = handlers.filter(handler => handler !== defaultHandler);\n\n\t\tif (handlers.length === 0) {\n\t\t\thandlers.push(defaultHandler);\n\t\t}\n\n\t\treturn create({\n\t\t\toptions: mergeOptions(...optionsArray) as DefaultOptions,\n\t\t\thandlers,\n\t\t\tmutableDefaults: Boolean(mutableDefaults)\n\t\t});\n\t};\n\n\t// @ts-ignore The missing methods because the for-loop handles it for us\n\tgot.stream = (url, options) => got(url, {...options, isStream: true});\n\n\tfor (const method of aliases) {\n\t\t// @ts-ignore Cannot properly type a function with multiple definitions yet\n\t\tgot[method] = (url: URLOrOptions, options?: Options): GotReturn => got(url, {...options, method});\n\t\tgot.stream[method] = (url, options) => got.stream(url, {...options, method});\n\t}\n\n\tObject.assign(got, {...errors, mergeOptions});\n\tObject.defineProperty(got, 'defaults', {\n\t\tvalue: defaults.mutableDefaults ? defaults : deepFreeze(defaults),\n\t\twritable: defaults.mutableDefaults,\n\t\tconfigurable: defaults.mutableDefaults,\n\t\tenumerable: true\n\t});\n\n\treturn got;\n};\n\nexport default create;\n"]},"_coverageSchema":"1a1c01bbd47fc00a2c39e90264f33305004495a9","hash":"c773b2b7ae817bf5a1375eb146e6769cac9c5e64","contentHash":"a6b0f9a53ae962d83c8aabfa5d936070dc2a7bb64378c97d3a33a2cc7b8e63dc"},"/Users/ldlafountaine/code/got/source/as-promise.ts":{"path":"/Users/ldlafountaine/code/got/source/as-promise.ts","statementMap":{"0":{"start":{"line":2,"column":0},"end":{"line":2,"column":62}},"1":{"start":{"line":3,"column":21},"end":{"line":3,"column":38}},"2":{"start":{"line":4,"column":18},"end":{"line":4,"column":39}},"3":{"start":{"line":5,"column":20},"end":{"line":5,"column":43}},"4":{"start":{"line":6,"column":13},"end":{"line":6,"column":40}},"5":{"start":{"line":7,"column":17},"end":{"line":7,"column":36}},"6":{"start":{"line":8,"column":30},"end":{"line":8,"column":62}},"7":{"start":{"line":9,"column":35},"end":{"line":9,"column":72}},"8":{"start":{"line":10,"column":18},"end":{"line":21,"column":1}},"9":{"start":{"line":11,"column":4},"end":{"line":13,"column":5}},"10":{"start":{"line":12,"column":8},"end":{"line":12,"column":68}},"11":{"start":{"line":14,"column":4},"end":{"line":16,"column":5}},"12":{"start":{"line":15,"column":8},"end":{"line":15,"column":33}},"13":{"start":{"line":17,"column":4},"end":{"line":19,"column":5}},"14":{"start":{"line":18,"column":8},"end":{"line":18,"column":39}},"15":{"start":{"line":20,"column":4},"end":{"line":20,"column":63}},"16":{"start":{"line":23,"column":18},"end":{"line":23,"column":36}},"17":{"start":{"line":25,"column":20},"end":{"line":121,"column":6}},"18":{"start":{"line":26,"column":24},"end":{"line":26,"column":67}},"19":{"start":{"line":27,"column":8},"end":{"line":27,"column":32}},"20":{"start":{"line":28,"column":26},"end":{"line":39,"column":9}},"21":{"start":{"line":29,"column":12},"end":{"line":38,"column":13}},"22":{"start":{"line":30,"column":16},"end":{"line":33,"column":17}},"23":{"start":{"line":32,"column":20},"end":{"line":32,"column":46}},"24":{"start":{"line":34,"column":16},"end":{"line":34,"column":30}},"25":{"start":{"line":37,"column":16},"end":{"line":37,"column":31}},"26":{"start":{"line":40,"column":8},"end":{"line":118,"column":11}},"27":{"start":{"line":42,"column":12},"end":{"line":42,"column":45}},"28":{"start":{"line":44,"column":12},"end":{"line":50,"column":13}},"29":{"start":{"line":45,"column":16},"end":{"line":45,"column":80}},"30":{"start":{"line":48,"column":16},"end":{"line":48,"column":66}},"31":{"start":{"line":49,"column":16},"end":{"line":49,"column":23}},"32":{"start":{"line":51,"column":12},"end":{"line":54,"column":13}},"33":{"start":{"line":53,"column":16},"end":{"line":53,"column":23}},"34":{"start":{"line":55,"column":25},"end":{"line":59,"column":13}},"35":{"start":{"line":56,"column":39},"end":{"line":56,"column":47}},"36":{"start":{"line":57,"column":40},"end":{"line":57,"column":74}},"37":{"start":{"line":58,"column":16},"end":{"line":58,"column":98}},"38":{"start":{"line":61,"column":12},"end":{"line":72,"column":13}},"39":{"start":{"line":62,"column":16},"end":{"line":62,"column":88}},"40":{"start":{"line":65,"column":16},"end":{"line":69,"column":17}},"41":{"start":{"line":66,"column":39},"end":{"line":66,"column":88}},"42":{"start":{"line":67,"column":20},"end":{"line":67,"column":42}},"43":{"start":{"line":68,"column":20},"end":{"line":68,"column":27}},"44":{"start":{"line":71,"column":16},"end":{"line":71,"column":48}},"45":{"start":{"line":73,"column":12},"end":{"line":105,"column":13}},"46":{"start":{"line":74,"column":16},"end":{"line":100,"column":17}},"47":{"start":{"line":77,"column":20},"end":{"line":99,"column":23}},"48":{"start":{"line":78,"column":45},"end":{"line":85,"column":27}},"49":{"start":{"line":81,"column":54},"end":{"line":81,"column":55}},"50":{"start":{"line":88,"column":24},"end":{"line":88,"column":103}},"51":{"start":{"line":89,"column":24},"end":{"line":92,"column":25}},"52":{"start":{"line":91,"column":28},"end":{"line":91,"column":53}},"53":{"start":{"line":93,"column":40},"end":{"line":93,"column":63}},"54":{"start":{"line":94,"column":24},"end":{"line":97,"column":27}},"55":{"start":{"line":95,"column":28},"end":{"line":95,"column":53}},"56":{"start":{"line":96,"column":28},"end":{"line":96,"column":45}},"57":{"start":{"line":98,"column":24},"end":{"line":98,"column":39}},"58":{"start":{"line":103,"column":16},"end":{"line":103,"column":33}},"59":{"start":{"line":104,"column":16},"end":{"line":104,"column":23}},"60":{"start":{"line":107,"column":12},"end":{"line":116,"column":13}},"61":{"start":{"line":108,"column":30},"end":{"line":108,"column":71}},"62":{"start":{"line":109,"column":16},"end":{"line":111,"column":17}},"63":{"start":{"line":110,"column":20},"end":{"line":110,"column":27}},"64":{"start":{"line":112,"column":16},"end":{"line":115,"column":17}},"65":{"start":{"line":113,"column":20},"end":{"line":113,"column":37}},"66":{"start":{"line":114,"column":20},"end":{"line":114,"column":27}},"67":{"start":{"line":117,"column":12},"end":{"line":117,"column":72}},"68":{"start":{"line":119,"column":8},"end":{"line":119,"column":38}},"69":{"start":{"line":120,"column":8},"end":{"line":120,"column":63}},"70":{"start":{"line":122,"column":4},"end":{"line":125,"column":6}},"71":{"start":{"line":123,"column":8},"end":{"line":123,"column":27}},"72":{"start":{"line":124,"column":8},"end":{"line":124,"column":23}},"73":{"start":{"line":126,"column":21},"end":{"line":131,"column":5}},"74":{"start":{"line":128,"column":27},"end":{"line":128,"column":94}},"75":{"start":{"line":128,"column":46},"end":{"line":128,"column":93}},"76":{"start":{"line":129,"column":8},"end":{"line":129,"column":87}},"77":{"start":{"line":130,"column":8},"end":{"line":130,"column":26}},"78":{"start":{"line":132,"column":4},"end":{"line":137,"column":6}},"79":{"start":{"line":133,"column":8},"end":{"line":135,"column":9}},"80":{"start":{"line":134,"column":12},"end":{"line":134,"column":56}},"81":{"start":{"line":136,"column":8},"end":{"line":136,"column":32}},"82":{"start":{"line":138,"column":4},"end":{"line":138,"column":46}},"83":{"start":{"line":138,"column":27},"end":{"line":138,"column":45}},"84":{"start":{"line":139,"column":4},"end":{"line":139,"column":42}},"85":{"start":{"line":139,"column":25},"end":{"line":139,"column":41}},"86":{"start":{"line":140,"column":4},"end":{"line":140,"column":19}},"87":{"start":{"line":142,"column":0},"end":{"line":142,"column":28}}},"fnMap":{"0":{"name":"(anonymous_0)","decl":{"start":{"line":10,"column":18},"end":{"line":10,"column":19}},"loc":{"start":{"line":10,"column":52},"end":{"line":21,"column":1}},"line":10},"1":{"name":"asPromise","decl":{"start":{"line":22,"column":9},"end":{"line":22,"column":18}},"loc":{"start":{"line":22,"column":28},"end":{"line":141,"column":1}},"line":22},"2":{"name":"(anonymous_2)","decl":{"start":{"line":25,"column":36},"end":{"line":25,"column":37}},"loc":{"start":{"line":25,"column":67},"end":{"line":121,"column":5}},"line":25},"3":{"name":"(anonymous_3)","decl":{"start":{"line":28,"column":26},"end":{"line":28,"column":27}},"loc":{"start":{"line":28,"column":43},"end":{"line":39,"column":9}},"line":28},"4":{"name":"(anonymous_4)","decl":{"start":{"line":40,"column":31},"end":{"line":40,"column":32}},"loc":{"start":{"line":40,"column":51},"end":{"line":118,"column":9}},"line":40},"5":{"name":"(anonymous_5)","decl":{"start":{"line":55,"column":25},"end":{"line":55,"column":26}},"loc":{"start":{"line":55,"column":31},"end":{"line":59,"column":13}},"line":55},"6":{"name":"(anonymous_6)","decl":{"start":{"line":77,"column":52},"end":{"line":77,"column":53}},"loc":{"start":{"line":77,"column":78},"end":{"line":99,"column":21}},"line":77},"7":{"name":"(anonymous_7)","decl":{"start":{"line":81,"column":48},"end":{"line":81,"column":49}},"loc":{"start":{"line":81,"column":54},"end":{"line":81,"column":55}},"line":81},"8":{"name":"(anonymous_8)","decl":{"start":{"line":94,"column":33},"end":{"line":94,"column":34}},"loc":{"start":{"line":94,"column":39},"end":{"line":97,"column":25}},"line":94},"9":{"name":"(anonymous_9)","decl":{"start":{"line":95,"column":42},"end":{"line":95,"column":43}},"loc":{"start":{"line":95,"column":48},"end":{"line":95,"column":51}},"line":95},"10":{"name":"(anonymous_10)","decl":{"start":{"line":122,"column":17},"end":{"line":122,"column":18}},"loc":{"start":{"line":122,"column":31},"end":{"line":125,"column":5}},"line":122},"11":{"name":"(anonymous_11)","decl":{"start":{"line":126,"column":21},"end":{"line":126,"column":22}},"loc":{"start":{"line":126,"column":39},"end":{"line":131,"column":5}},"line":126},"12":{"name":"(anonymous_12)","decl":{"start":{"line":128,"column":40},"end":{"line":128,"column":41}},"loc":{"start":{"line":128,"column":46},"end":{"line":128,"column":93}},"line":128},"13":{"name":"(anonymous_13)","decl":{"start":{"line":132,"column":19},"end":{"line":132,"column":20}},"loc":{"start":{"line":132,"column":25},"end":{"line":137,"column":5}},"line":132},"14":{"name":"(anonymous_14)","decl":{"start":{"line":138,"column":21},"end":{"line":138,"column":22}},"loc":{"start":{"line":138,"column":27},"end":{"line":138,"column":45}},"line":138},"15":{"name":"(anonymous_15)","decl":{"start":{"line":139,"column":19},"end":{"line":139,"column":20}},"loc":{"start":{"line":139,"column":25},"end":{"line":139,"column":41}},"line":139}},"branchMap":{"0":{"loc":{"start":{"line":11,"column":4},"end":{"line":13,"column":5}},"type":"if","locations":[{"start":{"line":11,"column":4},"end":{"line":13,"column":5}},{"start":{"line":11,"column":4},"end":{"line":13,"column":5}}],"line":11},"1":{"loc":{"start":{"line":12,"column":15},"end":{"line":12,"column":67}},"type":"cond-expr","locations":[{"start":{"line":12,"column":35},"end":{"line":12,"column":37}},{"start":{"line":12,"column":40},"end":{"line":12,"column":67}}],"line":12},"2":{"loc":{"start":{"line":14,"column":4},"end":{"line":16,"column":5}},"type":"if","locations":[{"start":{"line":14,"column":4},"end":{"line":16,"column":5}},{"start":{"line":14,"column":4},"end":{"line":16,"column":5}}],"line":14},"3":{"loc":{"start":{"line":17,"column":4},"end":{"line":19,"column":5}},"type":"if","locations":[{"start":{"line":17,"column":4},"end":{"line":19,"column":5}},{"start":{"line":17,"column":4},"end":{"line":19,"column":5}}],"line":17},"4":{"loc":{"start":{"line":51,"column":12},"end":{"line":54,"column":13}},"type":"if","locations":[{"start":{"line":51,"column":12},"end":{"line":54,"column":13}},{"start":{"line":51,"column":12},"end":{"line":54,"column":13}}],"line":51},"5":{"loc":{"start":{"line":51,"column":16},"end":{"line":51,"column":83}},"type":"cond-expr","locations":[{"start":{"line":51,"column":64},"end":{"line":51,"column":70}},{"start":{"line":51,"column":73},"end":{"line":51,"column":83}}],"line":51},"6":{"loc":{"start":{"line":51,"column":16},"end":{"line":51,"column":61}},"type":"binary-expr","locations":[{"start":{"line":51,"column":16},"end":{"line":51,"column":44}},{"start":{"line":51,"column":48},"end":{"line":51,"column":61}}],"line":51},"7":{"loc":{"start":{"line":57,"column":40},"end":{"line":57,"column":74}},"type":"cond-expr","locations":[{"start":{"line":57,"column":65},"end":{"line":57,"column":68}},{"start":{"line":57,"column":71},"end":{"line":57,"column":74}}],"line":57},"8":{"loc":{"start":{"line":58,"column":23},"end":{"line":58,"column":97}},"type":"binary-expr","locations":[{"start":{"line":58,"column":24},"end":{"line":58,"column":41}},{"start":{"line":58,"column":45},"end":{"line":58,"column":74}},{"start":{"line":58,"column":79},"end":{"line":58,"column":97}}],"line":58},"9":{"loc":{"start":{"line":65,"column":16},"end":{"line":69,"column":17}},"type":"if","locations":[{"start":{"line":65,"column":16},"end":{"line":69,"column":17}},{"start":{"line":65,"column":16},"end":{"line":69,"column":17}}],"line":65},"10":{"loc":{"start":{"line":107,"column":12},"end":{"line":116,"column":13}},"type":"if","locations":[{"start":{"line":107,"column":12},"end":{"line":116,"column":13}},{"start":{"line":107,"column":12},"end":{"line":116,"column":13}}],"line":107},"11":{"loc":{"start":{"line":109,"column":16},"end":{"line":111,"column":17}},"type":"if","locations":[{"start":{"line":109,"column":16},"end":{"line":111,"column":17}},{"start":{"line":109,"column":16},"end":{"line":111,"column":17}}],"line":109},"12":{"loc":{"start":{"line":112,"column":16},"end":{"line":115,"column":17}},"type":"if","locations":[{"start":{"line":112,"column":16},"end":{"line":115,"column":17}},{"start":{"line":112,"column":16},"end":{"line":115,"column":17}}],"line":112},"13":{"loc":{"start":{"line":117,"column":20},"end":{"line":117,"column":70}},"type":"cond-expr","locations":[{"start":{"line":117,"column":46},"end":{"line":117,"column":59}},{"start":{"line":117,"column":62},"end":{"line":117,"column":70}}],"line":117},"14":{"loc":{"start":{"line":133,"column":8},"end":{"line":135,"column":9}},"type":"if","locations":[{"start":{"line":133,"column":8},"end":{"line":135,"column":9}},{"start":{"line":133,"column":8},"end":{"line":135,"column":9}}],"line":133},"15":{"loc":{"start":{"line":133,"column":12},"end":{"line":133,"column":90}},"type":"binary-expr","locations":[{"start":{"line":133,"column":12},"end":{"line":133,"column":40}},{"start":{"line":133,"column":44},"end":{"line":133,"column":90}}],"line":133}},"s":{"0":1,"1":1,"2":1,"3":1,"4":1,"5":1,"6":1,"7":1,"8":1,"9":4,"10":0,"11":4,"12":0,"13":4,"14":4,"15":0,"16":5,"17":5,"18":5,"19":5,"20":5,"21":0,"22":0,"23":0,"24":0,"25":0,"26":5,"27":4,"28":4,"29":4,"30":0,"31":0,"32":4,"33":0,"34":4,"35":4,"36":4,"37":4,"38":4,"39":4,"40":0,"41":0,"42":0,"43":0,"44":0,"45":4,"46":4,"47":0,"48":0,"49":0,"50":0,"51":0,"52":0,"53":0,"54":0,"55":0,"56":0,"57":0,"58":0,"59":0,"60":4,"61":0,"62":0,"63":0,"64":0,"65":0,"66":0,"67":4,"68":5,"69":5,"70":5,"71":0,"72":0,"73":5,"74":0,"75":0,"76":0,"77":0,"78":5,"79":0,"80":0,"81":0,"82":5,"83":0,"84":5,"85":0,"86":5,"87":1},"f":{"0":4,"1":5,"2":5,"3":0,"4":4,"5":4,"6":0,"7":0,"8":0,"9":0,"10":0,"11":0,"12":0,"13":0,"14":0,"15":0},"b":{"0":[0,4],"1":[0,0],"2":[0,4],"3":[4,0],"4":[0,4],"5":[0,4],"6":[4,4],"7":[4,0],"8":[4,4,0],"9":[0,0],"10":[0,4],"11":[0,0],"12":[0,0],"13":[0,4],"14":[0,0],"15":[0,0]},"inputSourceMap":{"version":3,"file":"/Users/ldlafountaine/code/got/source/as-promise.ts","sources":["/Users/ldlafountaine/code/got/source/as-promise.ts"],"names":[],"mappings":";;AAAA,uCAAwC;AACxC,wCAAyC;AACzC,4CAA6C;AAC7C,yCAAkC;AAClC,qCAA0D;AAC1D,+DAAuE;AACvE,yEAA8E;AAG9E,MAAM,SAAS,GAAG,CAAC,IAAY,EAAE,YAA+C,EAAE,QAAuC,EAAW,EAAE;IACrI,IAAI,YAAY,KAAK,MAAM,EAAE;QAC5B,OAAO,IAAI,CAAC,MAAM,KAAK,CAAC,CAAC,CAAC,CAAC,EAAE,CAAC,CAAC,CAAC,IAAI,CAAC,KAAK,CAAC,IAAI,CAAC,QAAQ,EAAE,CAAC,CAAC;KAC5D;IAED,IAAI,YAAY,KAAK,QAAQ,EAAE;QAC9B,OAAO,MAAM,CAAC,IAAI,CAAC,IAAI,CAAC,CAAC;KACzB;IAED,IAAI,YAAY,KAAK,MAAM,EAAE;QAC5B,OAAO,IAAI,CAAC,QAAQ,CAAC,QAAQ,CAAC,CAAC;KAC/B;IAED,MAAM,IAAI,SAAS,CAAC,sBAAsB,YAAsB,GAAG,CAAC,CAAC;AACtE,CAAC,CAAC;AAEF,SAAwB,SAAS,CAAI,OAA0B;IAC9D,MAAM,KAAK,GAAG,IAAI,YAAY,EAAE,CAAC;IACjC,IAAI,IAAY,CAAC;IAEjB,MAAM,OAAO,GAAG,IAAI,WAAW,CAA8B,CAAC,OAAO,EAAE,MAAM,EAAE,QAAQ,EAAE,EAAE;QAC1F,MAAM,OAAO,GAAG,kCAAqB,CAAC,OAAO,CAAC,CAAC;QAC/C,QAAQ,CAAC,OAAO,CAAC,KAAK,CAAC,CAAC;QAExB,MAAM,SAAS,GAAG,KAAK,EAAE,KAAmB,EAAiB,EAAE;YAC9D,IAAI;gBACH,KAAK,MAAM,IAAI,IAAI,OAAO,CAAC,KAAK,CAAC,WAAW,EAAE;oBAC7C,4CAA4C;oBAC5C,KAAK,GAAG,MAAM,IAAI,CAAC,KAAK,CAAC,CAAC;iBAC1B;gBAED,MAAM,CAAC,KAAK,CAAC,CAAC;aACd;YAAC,OAAO,MAAM,EAAE;gBAChB,MAAM,CAAC,MAAM,CAAC,CAAC;aACf;QACF,CAAC,CAAC;QAEF,OAAO,CAAC,EAAE,CAAC,UAAU,EAAE,KAAK,EAAE,QAAkB,EAAE,EAAE;;YACnD,KAAK,CAAC,IAAI,CAAC,UAAU,EAAE,QAAQ,CAAC,CAAC;YAEjC,gBAAgB;YAChB,IAAI;gBACH,IAAI,GAAG,MAAM,SAAS,CAAC,MAAM,CAAC,QAAQ,EAAE,EAAC,QAAQ,EAAE,QAAQ,EAAC,CAAC,CAAC;aAC9D;YAAC,OAAO,KAAK,EAAE;gBACf,SAAS,CAAC,IAAI,kBAAS,CAAC,KAAK,EAAE,OAAO,CAAC,CAAC,CAAC;gBACzC,OAAO;aACP;YAED,UAAI,QAAQ,CAAC,GAAG,0CAAE,OAAO,EAAE;gBAC1B,kFAAkF;gBAClF,OAAO;aACP;YAED,MAAM,IAAI,GAAG,GAAY,EAAE;gBAC1B,MAAM,EAAC,UAAU,EAAC,GAAG,QAAQ,CAAC;gBAC9B,MAAM,eAAe,GAAG,OAAO,CAAC,cAAc,CAAC,CAAC,CAAC,GAAG,CAAC,CAAC,CAAC,GAAG,CAAC;gBAE3D,OAAO,CAAC,UAAU,IAAI,GAAG,IAAI,UAAU,IAAI,eAAe,CAAC,IAAI,UAAU,KAAK,GAAG,CAAC;YACnF,CAAC,CAAC;YAEF,aAAa;YACb,IAAI;gBACH,QAAQ,CAAC,IAAI,GAAG,SAAS,CAAC,IAAI,EAAE,OAAO,CAAC,YAAY,EAAE,OAAO,CAAC,QAAQ,CAAC,CAAC;aACxE;YAAC,OAAO,KAAK,EAAE;gBACf,IAAI,IAAI,EAAE,EAAE;oBACX,MAAM,UAAU,GAAG,IAAI,mBAAU,CAAC,KAAK,EAAE,QAAQ,EAAE,OAAO,CAAC,CAAC;oBAC5D,SAAS,CAAC,UAAU,CAAC,CAAC;oBACtB,OAAO;iBACP;gBAED,sBAAsB;gBACtB,QAAQ,CAAC,IAAI,GAAG,IAAI,CAAC,QAAQ,EAAE,CAAC;aAChC;YAED,IAAI;gBACH,KAAK,MAAM,CAAC,KAAK,EAAE,IAAI,CAAC,IAAI,OAAO,CAAC,KAAK,CAAC,aAAa,CAAC,OAAO,EAAE,EAAE;oBAClE,mEAAmE;oBACnE,4CAA4C;oBAC5C,QAAQ,GAAG,MAAM,IAAI,CAAC,QAAQ,EAAE,KAAK,EAAE,cAAc,EAA+B,EAAE;wBACrF,MAAM,YAAY,GAAG,wCAAkB,CAAC,kCAAY,CAAC,OAAO,EAAE;4BAC7D,GAAG,cAAc;4BACjB,KAAK,EAAE;gCACN,cAAc,EAAE,GAAG,EAAE,CAAC,CAAC;6BACvB;4BACD,eAAe,EAAE,KAAK;4BACtB,eAAe,EAAE,KAAK;yBACtB,CAAC,CAAC,CAAC;wBAEJ,6EAA6E;wBAC7E,sEAAsE;wBACtE,YAAY,CAAC,KAAK,CAAC,aAAa,GAAG,OAAO,CAAC,KAAK,CAAC,aAAa,CAAC,KAAK,CAAC,CAAC,EAAE,KAAK,CAAC,CAAC;wBAE/E,KAAK,MAAM,IAAI,IAAI,OAAO,CAAC,KAAK,CAAC,WAAW,EAAE;4BAC7C,4CAA4C;4BAC5C,MAAM,IAAI,CAAC,YAAY,CAAC,CAAC;yBACzB;wBAED,MAAM,OAAO,GAAG,SAAS,CAAC,YAAY,CAAC,CAAC;wBAExC,QAAQ,CAAC,GAAG,EAAE;4BACb,OAAO,CAAC,KAAK,CAAC,GAAG,EAAE,GAAE,CAAC,CAAC,CAAC;4BACxB,OAAO,CAAC,MAAM,EAAE,CAAC;wBAClB,CAAC,CAAC,CAAC;wBAEH,OAAO,OAAiD,CAAC;oBAC1D,CAAC,CAAC,CAAC;iBACH;aACD;YAAC,OAAO,KAAK,EAAE;gBACf,SAAS,CAAC,KAAK,CAAC,CAAC;gBACjB,OAAO;aACP;YAED,6BAA6B;YAC7B,IAAI,CAAC,IAAI,EAAE,EAAE;gBACZ,MAAM,KAAK,GAAG,IAAI,kBAAS,CAAC,QAAQ,EAAE,OAAO,CAAC,CAAC;gBAE/C,IAAI,OAAO,CAAC,KAAK,CAAC,KAAK,CAAC,EAAE;oBACzB,OAAO;iBACP;gBAED,IAAI,OAAO,CAAC,eAAe,EAAE;oBAC5B,SAAS,CAAC,KAAK,CAAC,CAAC;oBACjB,OAAO;iBACP;aACD;YAED,OAAO,CAAC,OAAO,CAAC,eAAe,CAAC,CAAC,CAAC,QAAQ,CAAC,IAAI,CAAC,CAAC,CAAC,QAAQ,CAAC,CAAC;QAC7D,CAAC,CAAC,CAAC;QAEH,OAAO,CAAC,IAAI,CAAC,OAAO,EAAE,MAAM,CAAC,CAAC;QAE9B,sCAAW,CAAC,KAAK,EAAE,OAAO,CAAC,CAAC;IAC7B,CAAC,CAAyB,CAAC;IAE3B,OAAO,CAAC,EAAE,GAAG,CAAC,IAAY,EAAE,EAA4B,EAAE,EAAE;QAC3D,KAAK,CAAC,EAAE,CAAC,IAAI,EAAE,EAAE,CAAC,CAAC;QACnB,OAAO,OAAO,CAAC;IAChB,CAAC,CAAC;IAEF,MAAM,QAAQ,GAAG,CAAI,YAA+C,EAAwB,EAAE;QAC7F,wDAAwD;QACxD,MAAM,UAAU,GAAG,OAAO,CAAC,IAAI,CAAC,GAAG,EAAE,CAAC,SAAS,CAAC,IAAI,EAAE,YAAY,EAAE,OAAO,CAAC,QAAQ,CAAC,CAAC,CAAC;QAEvF,MAAM,CAAC,gBAAgB,CAAC,UAAU,EAAE,MAAM,CAAC,yBAAyB,CAAC,OAAO,CAAC,CAAC,CAAC;QAE/E,OAAO,UAAkC,CAAC;IAC3C,CAAC,CAAC;IAEF,OAAO,CAAC,IAAI,GAAG,GAAG,EAAE;QACnB,IAAI,YAAE,CAAC,SAAS,CAAC,IAAI,CAAC,IAAI,YAAE,CAAC,SAAS,CAAC,OAAO,CAAC,OAAO,CAAC,MAAM,CAAC,EAAE;YAC/D,OAAO,CAAC,OAAO,CAAC,MAAM,GAAG,kBAAkB,CAAC;SAC5C;QAED,OAAO,QAAQ,CAAC,MAAM,CAAC,CAAC;IACzB,CAAC,CAAC;IAEF,OAAO,CAAC,MAAM,GAAG,GAAG,EAAE,CAAC,QAAQ,CAAC,QAAQ,CAAC,CAAC;IAC1C,OAAO,CAAC,IAAI,GAAG,GAAG,EAAE,CAAC,QAAQ,CAAC,MAAM,CAAC,CAAC;IAEtC,OAAO,OAAO,CAAC;AAChB,CAAC;AAhJD,4BAgJC","sourcesContent":["import EventEmitter = require('events');\nimport getStream = require('get-stream');\nimport PCancelable = require('p-cancelable');\nimport is from '@sindresorhus/is';\nimport {ParseError, ReadError, HTTPError} from './errors';\nimport {normalizeArguments, mergeOptions} from './normalize-arguments';\nimport requestAsEventEmitter, {proxyEvents} from './request-as-event-emitter';\nimport {CancelableRequest, GeneralError, NormalizedOptions, Response} from './types';\n\nconst parseBody = (body: Buffer, responseType: NormalizedOptions['responseType'], encoding: NormalizedOptions['encoding']): unknown => {\n\tif (responseType === 'json') {\n\t\treturn body.length === 0 ? '' : JSON.parse(body.toString());\n\t}\n\n\tif (responseType === 'buffer') {\n\t\treturn Buffer.from(body);\n\t}\n\n\tif (responseType === 'text') {\n\t\treturn body.toString(encoding);\n\t}\n\n\tthrow new TypeError(`Unknown body type '${responseType as string}'`);\n};\n\nexport default function asPromise<T>(options: NormalizedOptions): CancelableRequest<T> {\n\tconst proxy = new EventEmitter();\n\tlet body: Buffer;\n\n\tconst promise = new PCancelable<Response | Response['body']>((resolve, reject, onCancel) => {\n\t\tconst emitter = requestAsEventEmitter(options);\n\t\tonCancel(emitter.abort);\n\n\t\tconst emitError = async (error: GeneralError): Promise<void> => {\n\t\t\ttry {\n\t\t\t\tfor (const hook of options.hooks.beforeError) {\n\t\t\t\t\t// eslint-disable-next-line no-await-in-loop\n\t\t\t\t\terror = await hook(error);\n\t\t\t\t}\n\n\t\t\t\treject(error);\n\t\t\t} catch (error_) {\n\t\t\t\treject(error_);\n\t\t\t}\n\t\t};\n\n\t\temitter.on('response', async (response: Response) => {\n\t\t\tproxy.emit('response', response);\n\n\t\t\t// Download body\n\t\t\ttry {\n\t\t\t\tbody = await getStream.buffer(response, {encoding: 'binary'});\n\t\t\t} catch (error) {\n\t\t\t\temitError(new ReadError(error, options));\n\t\t\t\treturn;\n\t\t\t}\n\n\t\t\tif (response.req?.aborted) {\n\t\t\t\t// Canceled while downloading - will throw a `CancelError` or `TimeoutError` error\n\t\t\t\treturn;\n\t\t\t}\n\n\t\t\tconst isOk = (): boolean => {\n\t\t\t\tconst {statusCode} = response;\n\t\t\t\tconst limitStatusCode = options.followRedirect ? 299 : 399;\n\n\t\t\t\treturn (statusCode >= 200 && statusCode <= limitStatusCode) || statusCode === 304;\n\t\t\t};\n\n\t\t\t// Parse body\n\t\t\ttry {\n\t\t\t\tresponse.body = parseBody(body, options.responseType, options.encoding);\n\t\t\t} catch (error) {\n\t\t\t\tif (isOk()) {\n\t\t\t\t\tconst parseError = new ParseError(error, response, options);\n\t\t\t\t\temitError(parseError);\n\t\t\t\t\treturn;\n\t\t\t\t}\n\n\t\t\t\t// Fall back to `utf8`\n\t\t\t\tresponse.body = body.toString();\n\t\t\t}\n\n\t\t\ttry {\n\t\t\t\tfor (const [index, hook] of options.hooks.afterResponse.entries()) {\n\t\t\t\t\t// @ts-ignore TS doesn't notice that CancelableRequest is a Promise\n\t\t\t\t\t// eslint-disable-next-line no-await-in-loop\n\t\t\t\t\tresponse = await hook(response, async (updatedOptions): CancelableRequest<Response> => {\n\t\t\t\t\t\tconst typedOptions = normalizeArguments(mergeOptions(options, {\n\t\t\t\t\t\t\t...updatedOptions,\n\t\t\t\t\t\t\tretry: {\n\t\t\t\t\t\t\t\tcalculateDelay: () => 0\n\t\t\t\t\t\t\t},\n\t\t\t\t\t\t\tthrowHttpErrors: false,\n\t\t\t\t\t\t\tresolveBodyOnly: false\n\t\t\t\t\t\t}));\n\n\t\t\t\t\t\t// Remove any further hooks for that request, because we'll call them anyway.\n\t\t\t\t\t\t// The loop continues. We don't want duplicates (asPromise recursion).\n\t\t\t\t\t\ttypedOptions.hooks.afterResponse = options.hooks.afterResponse.slice(0, index);\n\n\t\t\t\t\t\tfor (const hook of options.hooks.beforeRetry) {\n\t\t\t\t\t\t\t// eslint-disable-next-line no-await-in-loop\n\t\t\t\t\t\t\tawait hook(typedOptions);\n\t\t\t\t\t\t}\n\n\t\t\t\t\t\tconst promise = asPromise(typedOptions);\n\n\t\t\t\t\t\tonCancel(() => {\n\t\t\t\t\t\t\tpromise.catch(() => {});\n\t\t\t\t\t\t\tpromise.cancel();\n\t\t\t\t\t\t});\n\n\t\t\t\t\t\treturn promise as unknown as CancelableRequest<Response>;\n\t\t\t\t\t});\n\t\t\t\t}\n\t\t\t} catch (error) {\n\t\t\t\temitError(error);\n\t\t\t\treturn;\n\t\t\t}\n\n\t\t\t// Check for HTTP error codes\n\t\t\tif (!isOk()) {\n\t\t\t\tconst error = new HTTPError(response, options);\n\n\t\t\t\tif (emitter.retry(error)) {\n\t\t\t\t\treturn;\n\t\t\t\t}\n\n\t\t\t\tif (options.throwHttpErrors) {\n\t\t\t\t\temitError(error);\n\t\t\t\t\treturn;\n\t\t\t\t}\n\t\t\t}\n\n\t\t\tresolve(options.resolveBodyOnly ? response.body : response);\n\t\t});\n\n\t\temitter.once('error', reject);\n\n\t\tproxyEvents(proxy, emitter);\n\t}) as CancelableRequest<T>;\n\n\tpromise.on = (name: string, fn: (...args: any[]) => void) => {\n\t\tproxy.on(name, fn);\n\t\treturn promise;\n\t};\n\n\tconst shortcut = <T>(responseType: NormalizedOptions['responseType']): CancelableRequest<T> => {\n\t\t// eslint-disable-next-line promise/prefer-await-to-then\n\t\tconst newPromise = promise.then(() => parseBody(body, responseType, options.encoding));\n\n\t\tObject.defineProperties(newPromise, Object.getOwnPropertyDescriptors(promise));\n\n\t\treturn newPromise as CancelableRequest<T>;\n\t};\n\n\tpromise.json = () => {\n\t\tif (is.undefined(body) && is.undefined(options.headers.accept)) {\n\t\t\toptions.headers.accept = 'application/json';\n\t\t}\n\n\t\treturn shortcut('json');\n\t};\n\n\tpromise.buffer = () => shortcut('buffer');\n\tpromise.text = () => shortcut('text');\n\n\treturn promise;\n}\n"]},"_coverageSchema":"1a1c01bbd47fc00a2c39e90264f33305004495a9","hash":"d39b04d8f61f253f33d490e50af911fe8b1b48de","contentHash":"6e3be20732987ff9edec7c83d78cf9037bd11c1ef14baf8286e30ff55eb3a0c8"},"/Users/ldlafountaine/code/got/source/errors.ts":{"path":"/Users/ldlafountaine/code/got/source/errors.ts","statementMap":{"0":{"start":{"line":2,"column":0},"end":{"line":2,"column":62}},"1":{"start":{"line":3,"column":13},"end":{"line":3,"column":40}},"2":{"start":{"line":6,"column":8},"end":{"line":6,"column":23}},"3":{"start":{"line":7,"column":8},"end":{"line":7,"column":56}},"4":{"start":{"line":8,"column":8},"end":{"line":8,"column":31}},"5":{"start":{"line":9,"column":8},"end":{"line":11,"column":9}},"6":{"start":{"line":10,"column":12},"end":{"line":10,"column":35}},"7":{"start":{"line":12,"column":8},"end":{"line":17,"column":11}},"8":{"start":{"line":19,"column":8},"end":{"line":28,"column":9}},"9":{"start":{"line":20,"column":35},"end":{"line":20,"column":89}},"10":{"start":{"line":21,"column":35},"end":{"line":21,"column":89}},"11":{"start":{"line":22,"column":36},"end":{"line":22,"column":134}},"12":{"start":{"line":24,"column":12},"end":{"line":26,"column":13}},"13":{"start":{"line":25,"column":16},"end":{"line":25,"column":39}},"14":{"start":{"line":27,"column":12},"end":{"line":27,"column":143}},"15":{"start":{"line":31,"column":0},"end":{"line":31,"column":28}},"16":{"start":{"line":34,"column":8},"end":{"line":34,"column":45}},"17":{"start":{"line":35,"column":8},"end":{"line":35,"column":33}},"18":{"start":{"line":38,"column":0},"end":{"line":38,"column":32}},"19":{"start":{"line":41,"column":8},"end":{"line":41,"column":45}},"20":{"start":{"line":42,"column":8},"end":{"line":42,"column":35}},"21":{"start":{"line":45,"column":0},"end":{"line":45,"column":36}},"22":{"start":{"line":48,"column":8},"end":{"line":48,"column":45}},"23":{"start":{"line":49,"column":8},"end":{"line":49,"column":32}},"24":{"start":{"line":52,"column":0},"end":{"line":52,"column":30}},"25":{"start":{"line":55,"column":8},"end":{"line":55,"column":81}},"26":{"start":{"line":56,"column":8},"end":{"line":56,"column":33}},"27":{"start":{"line":57,"column":8},"end":{"line":60,"column":11}},"28":{"start":{"line":63,"column":0},"end":{"line":63,"column":32}},"29":{"start":{"line":66,"column":8},"end":{"line":66,"column":95}},"30":{"start":{"line":67,"column":8},"end":{"line":67,"column":32}},"31":{"start":{"line":68,"column":8},"end":{"line":71,"column":11}},"32":{"start":{"line":74,"column":0},"end":{"line":74,"column":30}},"33":{"start":{"line":77,"column":8},"end":{"line":77,"column":74}},"34":{"start":{"line":78,"column":8},"end":{"line":78,"column":40}},"35":{"start":{"line":79,"column":8},"end":{"line":82,"column":11}},"36":{"start":{"line":85,"column":0},"end":{"line":85,"column":46}},"37":{"start":{"line":88,"column":8},"end":{"line":88,"column":77}},"38":{"start":{"line":89,"column":8},"end":{"line":89,"column":47}},"39":{"start":{"line":92,"column":0},"end":{"line":92,"column":60}},"40":{"start":{"line":95,"column":8},"end":{"line":95,"column":45}},"41":{"start":{"line":96,"column":8},"end":{"line":96,"column":35}},"42":{"start":{"line":97,"column":8},"end":{"line":97,"column":33}},"43":{"start":{"line":98,"column":8},"end":{"line":98,"column":31}},"44":{"start":{"line":101,"column":0},"end":{"line":101,"column":36}},"45":{"start":{"line":102,"column":21},"end":{"line":102,"column":44}},"46":{"start":{"line":103,"column":0},"end":{"line":103,"column":49}}},"fnMap":{"0":{"name":"(anonymous_0)","decl":{"start":{"line":5,"column":4},"end":{"line":5,"column":5}},"loc":{"start":{"line":5,"column":41},"end":{"line":29,"column":5}},"line":5},"1":{"name":"(anonymous_1)","decl":{"start":{"line":33,"column":4},"end":{"line":33,"column":5}},"loc":{"start":{"line":33,"column":32},"end":{"line":36,"column":5}},"line":33},"2":{"name":"(anonymous_2)","decl":{"start":{"line":40,"column":4},"end":{"line":40,"column":5}},"loc":{"start":{"line":40,"column":32},"end":{"line":43,"column":5}},"line":40},"3":{"name":"(anonymous_3)","decl":{"start":{"line":47,"column":4},"end":{"line":47,"column":5}},"loc":{"start":{"line":47,"column":32},"end":{"line":50,"column":5}},"line":47},"4":{"name":"(anonymous_4)","decl":{"start":{"line":54,"column":4},"end":{"line":54,"column":5}},"loc":{"start":{"line":54,"column":42},"end":{"line":61,"column":5}},"line":54},"5":{"name":"(anonymous_5)","decl":{"start":{"line":65,"column":4},"end":{"line":65,"column":5}},"loc":{"start":{"line":65,"column":35},"end":{"line":72,"column":5}},"line":65},"6":{"name":"(anonymous_6)","decl":{"start":{"line":76,"column":4},"end":{"line":76,"column":5}},"loc":{"start":{"line":76,"column":49},"end":{"line":83,"column":5}},"line":76},"7":{"name":"(anonymous_7)","decl":{"start":{"line":87,"column":4},"end":{"line":87,"column":5}},"loc":{"start":{"line":87,"column":25},"end":{"line":90,"column":5}},"line":87},"8":{"name":"(anonymous_8)","decl":{"start":{"line":94,"column":4},"end":{"line":94,"column":5}},"loc":{"start":{"line":94,"column":41},"end":{"line":99,"column":5}},"line":94}},"branchMap":{"0":{"loc":{"start":{"line":9,"column":8},"end":{"line":11,"column":9}},"type":"if","locations":[{"start":{"line":9,"column":8},"end":{"line":11,"column":9}},{"start":{"line":9,"column":8},"end":{"line":11,"column":9}}],"line":9},"1":{"loc":{"start":{"line":19,"column":8},"end":{"line":28,"column":9}},"type":"if","locations":[{"start":{"line":19,"column":8},"end":{"line":28,"column":9}},{"start":{"line":19,"column":8},"end":{"line":28,"column":9}}],"line":19},"2":{"loc":{"start":{"line":24,"column":19},"end":{"line":24,"column":91}},"type":"binary-expr","locations":[{"start":{"line":24,"column":19},"end":{"line":24,"column":47}},{"start":{"line":24,"column":51},"end":{"line":24,"column":91}}],"line":24}},"s":{"0":1,"1":1,"2":3,"3":3,"4":3,"5":3,"6":3,"7":3,"8":3,"9":3,"10":3,"11":3,"12":3,"13":0,"14":3,"15":1,"16":0,"17":0,"18":1,"19":3,"20":3,"21":1,"22":0,"23":0,"24":1,"25":0,"26":0,"27":0,"28":1,"29":0,"30":0,"31":0,"32":1,"33":0,"34":0,"35":0,"36":1,"37":0,"38":0,"39":1,"40":0,"41":0,"42":0,"43":0,"44":1,"45":1,"46":1},"f":{"0":3,"1":0,"2":3,"3":0,"4":0,"5":0,"6":0,"7":0,"8":0},"b":{"0":[3,0],"1":[3,0],"2":[3,3]},"inputSourceMap":{"version":3,"file":"/Users/ldlafountaine/code/got/source/errors.ts","sources":["/Users/ldlafountaine/code/got/source/errors.ts"],"names":[],"mappings":";;AAAA,yCAAkC;AAKlC,MAAa,QAAS,SAAQ,KAAK;IAKlC,YAAY,OAAe,EAAE,KAAuC,EAAE,OAA0B;QAC/F,KAAK,CAAC,OAAO,CAAC,CAAC;QACf,KAAK,CAAC,iBAAiB,CAAC,IAAI,EAAE,IAAI,CAAC,WAAW,CAAC,CAAC;QAChD,IAAI,CAAC,IAAI,GAAG,UAAU,CAAC;QAEvB,IAAI,CAAC,YAAE,CAAC,SAAS,CAAC,KAAK,CAAC,IAAI,CAAC,EAAE;YAC9B,IAAI,CAAC,IAAI,GAAG,KAAK,CAAC,IAAI,CAAC;SACvB;QAED,MAAM,CAAC,cAAc,CAAC,IAAI,EAAE,SAAS,EAAE;YACtC,yDAAyD;YACzD,4DAA4D;YAC5D,UAAU,EAAE,KAAK;YACjB,KAAK,EAAE,OAAO;SACd,CAAC,CAAC;QAEH,kCAAkC;QAClC,IAAI,CAAC,YAAE,CAAC,SAAS,CAAC,KAAK,CAAC,KAAK,CAAC,EAAE;YAC/B,MAAM,cAAc,GAAG,IAAI,CAAC,KAAK,CAAC,OAAO,CAAC,IAAI,CAAC,OAAO,CAAC,GAAG,IAAI,CAAC,OAAO,CAAC,MAAM,CAAC;YAC9E,MAAM,cAAc,GAAG,IAAI,CAAC,KAAK,CAAC,KAAK,CAAC,cAAc,CAAC,CAAC,KAAK,CAAC,IAAI,CAAC,CAAC,OAAO,EAAE,CAAC;YAC9E,MAAM,eAAe,GAAG,KAAK,CAAC,KAAK,CAAC,KAAK,CAAC,KAAK,CAAC,KAAK,CAAC,OAAO,CAAC,KAAK,CAAC,OAAQ,CAAC,GAAG,KAAK,CAAC,OAAQ,CAAC,MAAM,CAAC,CAAC,KAAK,CAAC,IAAI,CAAC,CAAC,OAAO,EAAE,CAAC;YAE7H,2BAA2B;YAC3B,OAAO,eAAe,CAAC,MAAM,KAAK,CAAC,IAAI,eAAe,CAAC,CAAC,CAAC,KAAK,cAAc,CAAC,CAAC,CAAC,EAAE;gBAChF,cAAc,CAAC,KAAK,EAAE,CAAC;aACvB;YAED,IAAI,CAAC,KAAK,GAAG,GAAG,IAAI,CAAC,KAAK,CAAC,KAAK,CAAC,CAAC,EAAE,cAAc,CAAC,GAAG,cAAc,CAAC,OAAO,EAAE,CAAC,IAAI,CAAC,IAAI,CAAC,GAAG,eAAe,CAAC,OAAO,EAAE,CAAC,IAAI,CAAC,IAAI,CAAC,EAAE,CAAC;SACnI;IACF,CAAC;CACD;AAnCD,4BAmCC;AAED,MAAa,UAAW,SAAQ,QAAQ;IACvC,YAAY,KAAY,EAAE,OAA0B;QACnD,KAAK,CAAC,KAAK,CAAC,OAAO,EAAE,KAAK,EAAE,OAAO,CAAC,CAAC;QACrC,IAAI,CAAC,IAAI,GAAG,YAAY,CAAC;IAC1B,CAAC;CACD;AALD,gCAKC;AAED,MAAa,YAAa,SAAQ,QAAQ;IACzC,YAAY,KAAY,EAAE,OAA0B;QACnD,KAAK,CAAC,KAAK,CAAC,OAAO,EAAE,KAAK,EAAE,OAAO,CAAC,CAAC;QACrC,IAAI,CAAC,IAAI,GAAG,cAAc,CAAC;IAC5B,CAAC;CACD;AALD,oCAKC;AAED,MAAa,SAAU,SAAQ,QAAQ;IACtC,YAAY,KAAY,EAAE,OAA0B;QACnD,KAAK,CAAC,KAAK,CAAC,OAAO,EAAE,KAAK,EAAE,OAAO,CAAC,CAAC;QACrC,IAAI,CAAC,IAAI,GAAG,WAAW,CAAC;IACzB,CAAC;CACD;AALD,8BAKC;AAED,MAAa,UAAW,SAAQ,QAAQ;IAGvC,YAAY,KAAY,EAAE,QAAkB,EAAE,OAA0B;QACvE,KAAK,CAAC,GAAG,KAAK,CAAC,OAAO,QAAQ,OAAO,CAAC,GAAG,CAAC,QAAQ,EAAE,GAAG,EAAE,KAAK,EAAE,OAAO,CAAC,CAAC;QACzE,IAAI,CAAC,IAAI,GAAG,YAAY,CAAC;QAEzB,MAAM,CAAC,cAAc,CAAC,IAAI,EAAE,UAAU,EAAE;YACvC,UAAU,EAAE,KAAK;YACjB,KAAK,EAAE,QAAQ;SACf,CAAC,CAAC;IACJ,CAAC;CACD;AAZD,gCAYC;AAED,MAAa,SAAU,SAAQ,QAAQ;IAGtC,YAAY,QAAkB,EAAE,OAA0B;QACzD,KAAK,CAAC,iBAAiB,QAAQ,CAAC,UAAU,KAAK,QAAQ,CAAC,aAAc,GAAG,EAAE,EAAE,EAAE,OAAO,CAAC,CAAC;QACxF,IAAI,CAAC,IAAI,GAAG,WAAW,CAAC;QAExB,MAAM,CAAC,cAAc,CAAC,IAAI,EAAE,UAAU,EAAE;YACvC,UAAU,EAAE,KAAK;YACjB,KAAK,EAAE,QAAQ;SACf,CAAC,CAAC;IACJ,CAAC;CACD;AAZD,8BAYC;AAED,MAAa,iBAAkB,SAAQ,QAAQ;IAG9C,YAAY,QAAkB,EAAE,YAAoB,EAAE,OAA0B;QAC/E,KAAK,CAAC,cAAc,YAAY,mBAAmB,EAAE,EAAE,EAAE,OAAO,CAAC,CAAC;QAClE,IAAI,CAAC,IAAI,GAAG,mBAAmB,CAAC;QAEhC,MAAM,CAAC,cAAc,CAAC,IAAI,EAAE,UAAU,EAAE;YACvC,UAAU,EAAE,KAAK;YACjB,KAAK,EAAE,QAAQ;SACf,CAAC,CAAC;IACJ,CAAC;CACD;AAZD,8CAYC;AAED,MAAa,wBAAyB,SAAQ,QAAQ;IACrD,YAAY,OAA0B;QACrC,KAAK,CAAC,yBAAyB,OAAO,CAAC,GAAG,CAAC,QAAQ,GAAG,EAAE,EAAE,EAAE,OAAO,CAAC,CAAC;QACrE,IAAI,CAAC,IAAI,GAAG,0BAA0B,CAAC;IACxC,CAAC;CACD;AALD,4DAKC;AAED,MAAa,YAAa,SAAQ,QAAQ;IAIzC,YAAY,KAAoB,EAAE,OAAgB,EAAE,OAA0B;QAC7E,KAAK,CAAC,KAAK,CAAC,OAAO,EAAE,KAAK,EAAE,OAAO,CAAC,CAAC;QACrC,IAAI,CAAC,IAAI,GAAG,cAAc,CAAC;QAC3B,IAAI,CAAC,KAAK,GAAG,KAAK,CAAC,KAAK,CAAC;QACzB,IAAI,CAAC,OAAO,GAAG,OAAO,CAAC;IACxB,CAAC;CACD;AAVD,oCAUC;AAED,6CAAyC;AAAjC,qCAAA,WAAW,CAAA","sourcesContent":["import is from '@sindresorhus/is';\nimport {Timings} from '@szmarczak/http-timer';\nimport {TimeoutError as TimedOutError} from './utils/timed-out';\nimport {Response, NormalizedOptions} from './types';\n\nexport class GotError extends Error {\n\tcode?: string;\n\tstack!: string;\n\tdeclare readonly options: NormalizedOptions;\n\n\tconstructor(message: string, error: Partial<Error & {code?: string}>, options: NormalizedOptions) {\n\t\tsuper(message);\n\t\tError.captureStackTrace(this, this.constructor);\n\t\tthis.name = 'GotError';\n\n\t\tif (!is.undefined(error.code)) {\n\t\t\tthis.code = error.code;\n\t\t}\n\n\t\tObject.defineProperty(this, 'options', {\n\t\t\t// This fails because of TS 3.7.2 useDefineForClassFields\n\t\t\t// Ref: https://github.com/microsoft/TypeScript/issues/34972\n\t\t\tenumerable: false,\n\t\t\tvalue: options\n\t\t});\n\n\t\t// Recover the original stacktrace\n\t\tif (!is.undefined(error.stack)) {\n\t\t\tconst indexOfMessage = this.stack.indexOf(this.message) + this.message.length;\n\t\t\tconst thisStackTrace = this.stack.slice(indexOfMessage).split('\\n').reverse();\n\t\t\tconst errorStackTrace = error.stack.slice(error.stack.indexOf(error.message!) + error.message!.length).split('\\n').reverse();\n\n\t\t\t// Remove duplicated traces\n\t\t\twhile (errorStackTrace.length !== 0 && errorStackTrace[0] === thisStackTrace[0]) {\n\t\t\t\tthisStackTrace.shift();\n\t\t\t}\n\n\t\t\tthis.stack = `${this.stack.slice(0, indexOfMessage)}${thisStackTrace.reverse().join('\\n')}${errorStackTrace.reverse().join('\\n')}`;\n\t\t}\n\t}\n}\n\nexport class CacheError extends GotError {\n\tconstructor(error: Error, options: NormalizedOptions) {\n\t\tsuper(error.message, error, options);\n\t\tthis.name = 'CacheError';\n\t}\n}\n\nexport class RequestError extends GotError {\n\tconstructor(error: Error, options: NormalizedOptions) {\n\t\tsuper(error.message, error, options);\n\t\tthis.name = 'RequestError';\n\t}\n}\n\nexport class ReadError extends GotError {\n\tconstructor(error: Error, options: NormalizedOptions) {\n\t\tsuper(error.message, error, options);\n\t\tthis.name = 'ReadError';\n\t}\n}\n\nexport class ParseError extends GotError {\n\tdeclare readonly response: Response;\n\n\tconstructor(error: Error, response: Response, options: NormalizedOptions) {\n\t\tsuper(`${error.message} in \"${options.url.toString()}\"`, error, options);\n\t\tthis.name = 'ParseError';\n\n\t\tObject.defineProperty(this, 'response', {\n\t\t\tenumerable: false,\n\t\t\tvalue: response\n\t\t});\n\t}\n}\n\nexport class HTTPError extends GotError {\n\tdeclare readonly response: Response;\n\n\tconstructor(response: Response, options: NormalizedOptions) {\n\t\tsuper(`Response code ${response.statusCode} (${response.statusMessage!})`, {}, options);\n\t\tthis.name = 'HTTPError';\n\n\t\tObject.defineProperty(this, 'response', {\n\t\t\tenumerable: false,\n\t\t\tvalue: response\n\t\t});\n\t}\n}\n\nexport class MaxRedirectsError extends GotError {\n\tdeclare readonly response: Response;\n\n\tconstructor(response: Response, maxRedirects: number, options: NormalizedOptions) {\n\t\tsuper(`Redirected ${maxRedirects} times. Aborting.`, {}, options);\n\t\tthis.name = 'MaxRedirectsError';\n\n\t\tObject.defineProperty(this, 'response', {\n\t\t\tenumerable: false,\n\t\t\tvalue: response\n\t\t});\n\t}\n}\n\nexport class UnsupportedProtocolError extends GotError {\n\tconstructor(options: NormalizedOptions) {\n\t\tsuper(`Unsupported protocol \"${options.url.protocol}\"`, {}, options);\n\t\tthis.name = 'UnsupportedProtocolError';\n\t}\n}\n\nexport class TimeoutError extends GotError {\n\ttimings: Timings;\n\tevent: string;\n\n\tconstructor(error: TimedOutError, timings: Timings, options: NormalizedOptions) {\n\t\tsuper(error.message, error, options);\n\t\tthis.name = 'TimeoutError';\n\t\tthis.event = error.event;\n\t\tthis.timings = timings;\n\t}\n}\n\nexport {CancelError} from 'p-cancelable';\n"]},"_coverageSchema":"1a1c01bbd47fc00a2c39e90264f33305004495a9","hash":"d1eb8cc8181b24810e0765b336d07718cac8229e","contentHash":"747834ac0a90969ad6e411d2e47181d1b6e5c59d93fb2d568a1f97a688d8959b"},"/Users/ldlafountaine/code/got/source/normalize-arguments.ts":{"path":"/Users/ldlafountaine/code/got/source/normalize-arguments.ts","statementMap":{"0":{"start":{"line":2,"column":0},"end":{"line":2,"column":62}},"1":{"start":{"line":3,"column":14},"end":{"line":3,"column":28}},"2":{"start":{"line":4,"column":15},"end":{"line":4,"column":30}},"3":{"start":{"line":5,"column":25},"end":{"line":5,"column":53}},"4":{"start":{"line":6,"column":13},"end":{"line":6,"column":28}},"5":{"start":{"line":7,"column":14},"end":{"line":7,"column":30}},"6":{"start":{"line":8,"column":22},"end":{"line":8,"column":47}},"7":{"start":{"line":9,"column":25},"end":{"line":9,"column":54}},"8":{"start":{"line":10,"column":13},"end":{"line":10,"column":40}},"9":{"start":{"line":11,"column":27},"end":{"line":11,"column":54}},"10":{"start":{"line":12,"column":17},"end":{"line":12,"column":36}},"11":{"start":{"line":13,"column":28},"end":{"line":13,"column":58}},"12":{"start":{"line":14,"column":26},"end":{"line":14,"column":60}},"13":{"start":{"line":15,"column":24},"end":{"line":15,"column":56}},"14":{"start":{"line":16,"column":23},"end":{"line":16,"column":54}},"15":{"start":{"line":17,"column":16},"end":{"line":17,"column":40}},"16":{"start":{"line":18,"column":25},"end":{"line":18,"column":58}},"17":{"start":{"line":19,"column":26},"end":{"line":19,"column":60}},"18":{"start":{"line":20,"column":16},"end":{"line":20,"column":34}},"19":{"start":{"line":21,"column":32},"end":{"line":26,"column":1}},"20":{"start":{"line":27,"column":26},"end":{"line":27,"column":63}},"21":{"start":{"line":27,"column":37},"end":{"line":27,"column":63}},"22":{"start":{"line":29,"column":0},"end":{"line":182,"column":2}},"23":{"start":{"line":32,"column":4},"end":{"line":37,"column":5}},"24":{"start":{"line":33,"column":8},"end":{"line":33,"column":29}},"25":{"start":{"line":36,"column":8},"end":{"line":36,"column":57}},"26":{"start":{"line":38,"column":4},"end":{"line":42,"column":5}},"27":{"start":{"line":39,"column":8},"end":{"line":41,"column":9}},"28":{"start":{"line":40,"column":12},"end":{"line":40,"column":105}},"29":{"start":{"line":44,"column":4},"end":{"line":52,"column":5}},"30":{"start":{"line":45,"column":8},"end":{"line":45,"column":57}},"31":{"start":{"line":46,"column":8},"end":{"line":48,"column":9}},"32":{"start":{"line":47,"column":12},"end":{"line":47,"column":37}},"33":{"start":{"line":51,"column":8},"end":{"line":51,"column":63}},"34":{"start":{"line":54,"column":4},"end":{"line":56,"column":5}},"35":{"start":{"line":55,"column":8},"end":{"line":55,"column":27}},"36":{"start":{"line":57,"column":4},"end":{"line":71,"column":5}},"37":{"start":{"line":58,"column":8},"end":{"line":67,"column":9}},"38":{"start":{"line":59,"column":12},"end":{"line":66,"column":13}},"39":{"start":{"line":60,"column":16},"end":{"line":62,"column":17}},"40":{"start":{"line":61,"column":20},"end":{"line":61,"column":126}},"41":{"start":{"line":65,"column":16},"end":{"line":65,"column":42}},"42":{"start":{"line":70,"column":8},"end":{"line":70,"column":105}},"43":{"start":{"line":72,"column":4},"end":{"line":82,"column":5}},"44":{"start":{"line":73,"column":8},"end":{"line":81,"column":9}},"45":{"start":{"line":74,"column":12},"end":{"line":80,"column":13}},"46":{"start":{"line":76,"column":16},"end":{"line":79,"column":18}},"47":{"start":{"line":84,"column":4},"end":{"line":89,"column":5}},"48":{"start":{"line":85,"column":8},"end":{"line":85,"column":55}},"49":{"start":{"line":87,"column":9},"end":{"line":89,"column":5}},"50":{"start":{"line":88,"column":8},"end":{"line":88,"column":29}},"51":{"start":{"line":91,"column":22},"end":{"line":91,"column":29}},"52":{"start":{"line":92,"column":4},"end":{"line":104,"column":5}},"53":{"start":{"line":93,"column":8},"end":{"line":93,"column":46}},"54":{"start":{"line":96,"column":8},"end":{"line":103,"column":10}},"55":{"start":{"line":97,"column":43},"end":{"line":97,"column":68}},"56":{"start":{"line":105,"column":4},"end":{"line":113,"column":5}},"57":{"start":{"line":106,"column":8},"end":{"line":109,"column":10}},"58":{"start":{"line":111,"column":9},"end":{"line":113,"column":5}},"59":{"start":{"line":112,"column":8},"end":{"line":112,"column":36}},"60":{"start":{"line":114,"column":4},"end":{"line":116,"column":5}},"61":{"start":{"line":115,"column":8},"end":{"line":115,"column":150}},"62":{"start":{"line":115,"column":115},"end":{"line":115,"column":147}},"63":{"start":{"line":117,"column":4},"end":{"line":117,"column":100}},"64":{"start":{"line":117,"column":76},"end":{"line":117,"column":96}},"65":{"start":{"line":118,"column":4},"end":{"line":118,"column":72}},"66":{"start":{"line":119,"column":4},"end":{"line":119,"column":70}},"67":{"start":{"line":121,"column":4},"end":{"line":123,"column":5}},"68":{"start":{"line":122,"column":8},"end":{"line":122,"column":94}},"69":{"start":{"line":125,"column":4},"end":{"line":130,"column":5}},"70":{"start":{"line":126,"column":8},"end":{"line":126,"column":54}},"71":{"start":{"line":129,"column":8},"end":{"line":129,"column":140}},"72":{"start":{"line":132,"column":4},"end":{"line":136,"column":5}},"73":{"start":{"line":133,"column":8},"end":{"line":135,"column":116}},"74":{"start":{"line":135,"column":37},"end":{"line":135,"column":99}},"75":{"start":{"line":138,"column":4},"end":{"line":155,"column":5}},"76":{"start":{"line":139,"column":45},"end":{"line":139,"column":62}},"77":{"start":{"line":141,"column":8},"end":{"line":153,"column":9}},"78":{"start":{"line":142,"column":12},"end":{"line":146,"column":13}},"79":{"start":{"line":144,"column":16},"end":{"line":144,"column":80}},"80":{"start":{"line":145,"column":16},"end":{"line":145,"column":92}},"81":{"start":{"line":148,"column":13},"end":{"line":153,"column":9}},"82":{"start":{"line":149,"column":12},"end":{"line":149,"column":112}},"83":{"start":{"line":151,"column":13},"end":{"line":153,"column":9}},"84":{"start":{"line":152,"column":12},"end":{"line":152,"column":117}},"85":{"start":{"line":154,"column":8},"end":{"line":154,"column":59}},"86":{"start":{"line":157,"column":4},"end":{"line":159,"column":5}},"87":{"start":{"line":158,"column":8},"end":{"line":158,"column":95}},"88":{"start":{"line":161,"column":4},"end":{"line":163,"column":5}},"89":{"start":{"line":162,"column":8},"end":{"line":162,"column":33}},"90":{"start":{"line":165,"column":4},"end":{"line":167,"column":5}},"91":{"start":{"line":166,"column":8},"end":{"line":166,"column":57}},"92":{"start":{"line":169,"column":4},"end":{"line":169,"column":53}},"93":{"start":{"line":170,"column":4},"end":{"line":170,"column":49}},"94":{"start":{"line":171,"column":4},"end":{"line":171,"column":63}},"95":{"start":{"line":172,"column":4},"end":{"line":172,"column":73}},"96":{"start":{"line":173,"column":4},"end":{"line":173,"column":86}},"97":{"start":{"line":174,"column":4},"end":{"line":174,"column":101}},"98":{"start":{"line":175,"column":4},"end":{"line":175,"column":63}},"99":{"start":{"line":176,"column":4},"end":{"line":176,"column":61}},"100":{"start":{"line":177,"column":4},"end":{"line":177,"column":92}},"101":{"start":{"line":178,"column":4},"end":{"line":178,"column":61}},"102":{"start":{"line":179,"column":4},"end":{"line":179,"column":63}},"103":{"start":{"line":180,"column":4},"end":{"line":180,"column":87}},"104":{"start":{"line":181,"column":4},"end":{"line":181,"column":19}},"105":{"start":{"line":183,"column":0},"end":{"line":203,"column":2}},"106":{"start":{"line":184,"column":24},"end":{"line":184,"column":57}},"107":{"start":{"line":186,"column":23},"end":{"line":186,"column":25}},"108":{"start":{"line":187,"column":4},"end":{"line":200,"column":5}},"109":{"start":{"line":188,"column":8},"end":{"line":188,"column":98}},"110":{"start":{"line":189,"column":8},"end":{"line":199,"column":9}},"111":{"start":{"line":190,"column":12},"end":{"line":192,"column":13}},"112":{"start":{"line":191,"column":16},"end":{"line":191,"column":25}},"113":{"start":{"line":193,"column":12},"end":{"line":198,"column":14}},"114":{"start":{"line":201,"column":4},"end":{"line":201,"column":55}},"115":{"start":{"line":202,"column":4},"end":{"line":202,"column":25}},"116":{"start":{"line":204,"column":0},"end":{"line":272,"column":2}},"117":{"start":{"line":207,"column":4},"end":{"line":209,"column":5}},"118":{"start":{"line":208,"column":8},"end":{"line":208,"column":54}},"119":{"start":{"line":210,"column":4},"end":{"line":212,"column":5}},"120":{"start":{"line":211,"column":8},"end":{"line":211,"column":21}},"121":{"start":{"line":213,"column":4},"end":{"line":226,"column":5}},"122":{"start":{"line":214,"column":8},"end":{"line":216,"column":9}},"123":{"start":{"line":215,"column":12},"end":{"line":215,"column":96}},"124":{"start":{"line":218,"column":8},"end":{"line":218,"column":26}},"125":{"start":{"line":219,"column":8},"end":{"line":219,"column":162}},"126":{"start":{"line":222,"column":8},"end":{"line":224,"column":9}},"127":{"start":{"line":223,"column":12},"end":{"line":223,"column":86}},"128":{"start":{"line":225,"column":8},"end":{"line":225,"column":167}},"129":{"start":{"line":229,"column":4},"end":{"line":244,"column":5}},"130":{"start":{"line":230,"column":8},"end":{"line":230,"column":54}},"131":{"start":{"line":231,"column":8},"end":{"line":231,"column":65}},"132":{"start":{"line":232,"column":8},"end":{"line":234,"column":9}},"133":{"start":{"line":233,"column":12},"end":{"line":233,"column":52}},"134":{"start":{"line":236,"column":8},"end":{"line":239,"column":11}},"135":{"start":{"line":241,"column":9},"end":{"line":244,"column":5}},"136":{"start":{"line":243,"column":8},"end":{"line":243,"column":90}},"137":{"start":{"line":245,"column":30},"end":{"line":245,"column":37}},"138":{"start":{"line":247,"column":20},"end":{"line":247,"column":37}},"139":{"start":{"line":248,"column":4},"end":{"line":257,"column":7}},"140":{"start":{"line":250,"column":12},"end":{"line":252,"column":13}},"141":{"start":{"line":251,"column":16},"end":{"line":251,"column":124}},"142":{"start":{"line":253,"column":12},"end":{"line":253,"column":110}},"143":{"start":{"line":254,"column":12},"end":{"line":254,"column":30}},"144":{"start":{"line":256,"column":19},"end":{"line":256,"column":28}},"145":{"start":{"line":259,"column":4},"end":{"line":264,"column":5}},"146":{"start":{"line":260,"column":8},"end":{"line":263,"column":9}},"147":{"start":{"line":262,"column":12},"end":{"line":262,"column":50}},"148":{"start":{"line":265,"column":4},"end":{"line":270,"column":5}},"149":{"start":{"line":266,"column":23},"end":{"line":266,"column":46}},"150":{"start":{"line":267,"column":8},"end":{"line":269,"column":9}},"151":{"start":{"line":268,"column":12},"end":{"line":268,"column":82}},"152":{"start":{"line":271,"column":4},"end":{"line":271,"column":29}},"153":{"start":{"line":273,"column":20},"end":{"line":273,"column":44}},"154":{"start":{"line":274,"column":0},"end":{"line":401,"column":2}},"155":{"start":{"line":276,"column":4},"end":{"line":276,"column":44}},"156":{"start":{"line":278,"column":24},"end":{"line":278,"column":31}},"157":{"start":{"line":279,"column":26},"end":{"line":279,"column":73}},"158":{"start":{"line":282,"column":23},"end":{"line":282,"column":60}},"159":{"start":{"line":283,"column":23},"end":{"line":283,"column":60}},"160":{"start":{"line":284,"column":23},"end":{"line":284,"column":60}},"161":{"start":{"line":285,"column":8},"end":{"line":287,"column":9}},"162":{"start":{"line":286,"column":12},"end":{"line":286,"column":95}},"163":{"start":{"line":288,"column":8},"end":{"line":290,"column":9}},"164":{"start":{"line":288,"column":54},"end":{"line":288,"column":60}},"165":{"start":{"line":289,"column":12},"end":{"line":289,"column":96}},"166":{"start":{"line":291,"column":8},"end":{"line":297,"column":9}},"167":{"start":{"line":296,"column":12},"end":{"line":296,"column":97}},"168":{"start":{"line":298,"column":8},"end":{"line":300,"column":9}},"169":{"start":{"line":299,"column":12},"end":{"line":299,"column":71}},"170":{"start":{"line":302,"column":4},"end":{"line":319,"column":5}},"171":{"start":{"line":304,"column":8},"end":{"line":306,"column":9}},"172":{"start":{"line":305,"column":12},"end":{"line":305,"column":100}},"173":{"start":{"line":308,"column":9},"end":{"line":319,"column":5}},"174":{"start":{"line":309,"column":8},"end":{"line":311,"column":9}},"175":{"start":{"line":310,"column":12},"end":{"line":310,"column":74}},"176":{"start":{"line":312,"column":8},"end":{"line":312,"column":76}},"177":{"start":{"line":314,"column":9},"end":{"line":319,"column":5}},"178":{"start":{"line":315,"column":8},"end":{"line":317,"column":9}},"179":{"start":{"line":316,"column":12},"end":{"line":316,"column":57}},"180":{"start":{"line":318,"column":8},"end":{"line":318,"column":52}},"181":{"start":{"line":320,"column":27},"end":{"line":320,"column":65}},"182":{"start":{"line":321,"column":4},"end":{"line":323,"column":5}},"183":{"start":{"line":322,"column":8},"end":{"line":322,"column":54}},"184":{"start":{"line":333,"column":4},"end":{"line":339,"column":5}},"185":{"start":{"line":334,"column":8},"end":{"line":338,"column":9}},"186":{"start":{"line":337,"column":12},"end":{"line":337,"column":63}},"187":{"start":{"line":340,"column":4},"end":{"line":342,"column":5}},"188":{"start":{"line":341,"column":8},"end":{"line":341,"column":44}},"189":{"start":{"line":343,"column":4},"end":{"line":345,"column":5}},"190":{"start":{"line":344,"column":8},"end":{"line":344,"column":103}},"191":{"start":{"line":347,"column":4},"end":{"line":349,"column":5}},"192":{"start":{"line":348,"column":8},"end":{"line":348,"column":61}},"193":{"start":{"line":3
[...]
olumn":13}},"49":{"start":{"line":72,"column":16},"end":{"line":72,"column":66}},"50":{"start":{"line":75,"column":8},"end":{"line":88,"column":9}},"51":{"start":{"line":76,"column":12},"end":{"line":78,"column":13}},"52":{"start":{"line":77,"column":16},"end":{"line":77,"column":25}},"53":{"start":{"line":79,"column":12},"end":{"line":86,"column":13}},"54":{"start":{"line":82,"column":34},"end":{"line":82,"column":88}},"55":{"start":{"line":83,"column":16},"end":{"line":85,"column":17}},"56":{"start":{"line":84,"column":20},"end":{"line":84,"column":54}},"57":{"start":{"line":87,"column":12},"end":{"line":87,"column":57}},"58":{"start":{"line":89,"column":8},"end":{"line":89,"column":41}},"59":{"start":{"line":91,"column":4},"end":{"line":91,"column":59}},"60":{"start":{"line":92,"column":4},"end":{"line":92,"column":63}},"61":{"start":{"line":92,"column":35},"end":{"line":92,"column":61}},"62":{"start":{"line":93,"column":17},"end":{"line":93,"column":39}},"63":{"start":{"line":94,"column":19},"end":{"line":94,"column":43}},"64":{"start":{"line":95,"column":4},"end":{"line":104,"column":6}},"65":{"start":{"line":96,"column":8},"end":{"line":98,"column":9}},"66":{"start":{"line":97,"column":12},"end":{"line":97,"column":86}},"67":{"start":{"line":99,"column":8},"end":{"line":99,"column":35}},"68":{"start":{"line":100,"column":8},"end":{"line":102,"column":9}},"69":{"start":{"line":101,"column":12},"end":{"line":101,"column":35}},"70":{"start":{"line":103,"column":8},"end":{"line":103,"column":27}},"71":{"start":{"line":105,"column":4},"end":{"line":108,"column":6}},"72":{"start":{"line":106,"column":8},"end":{"line":106,"column":29}},"73":{"start":{"line":107,"column":8},"end":{"line":107,"column":30}},"74":{"start":{"line":109,"column":4},"end":{"line":116,"column":7}},"75":{"start":{"line":110,"column":8},"end":{"line":115,"column":9}},"76":{"start":{"line":111,"column":12},"end":{"line":114,"column":14}},"77":{"start":{"line":117,"column":4},"end":{"line":117,"column":34}},"78":{"start":{"line":118,"column":4},"end":{"line":118,"column":17}},"79":{"start":{"line":120,"column":0},"end":{"line":120,"column":27}}},"fnMap":{"0":{"name":"asStream","decl":{"start":{"line":12,"column":9},"end":{"line":12,"column":17}},"loc":{"start":{"line":12,"column":27},"end":{"line":119,"column":1}},"line":12},"1":{"name":"(anonymous_1)","decl":{"start":{"line":18,"column":35},"end":{"line":18,"column":36}},"loc":{"start":{"line":18,"column":41},"end":{"line":18,"column":42}},"line":18},"2":{"name":"(anonymous_2)","decl":{"start":{"line":20,"column":22},"end":{"line":20,"column":23}},"loc":{"start":{"line":20,"column":28},"end":{"line":23,"column":9}},"line":20},"3":{"name":"(anonymous_3)","decl":{"start":{"line":29,"column":22},"end":{"line":29,"column":23}},"loc":{"start":{"line":29,"column":28},"end":{"line":32,"column":9}},"line":29},"4":{"name":"(anonymous_4)","decl":{"start":{"line":35,"column":22},"end":{"line":35,"column":23}},"loc":{"start":{"line":35,"column":39},"end":{"line":46,"column":5}},"line":35},"5":{"name":"(anonymous_5)","decl":{"start":{"line":48,"column":21},"end":{"line":48,"column":22}},"loc":{"start":{"line":48,"column":42},"end":{"line":51,"column":5}},"line":48},"6":{"name":"(anonymous_6)","decl":{"start":{"line":52,"column":27},"end":{"line":52,"column":28}},"loc":{"start":{"line":52,"column":41},"end":{"line":90,"column":5}},"line":52},"7":{"name":"(anonymous_7)","decl":{"start":{"line":61,"column":26},"end":{"line":61,"column":27}},"loc":{"start":{"line":61,"column":39},"end":{"line":65,"column":13}},"line":61},"8":{"name":"(anonymous_8)","decl":{"start":{"line":70,"column":42},"end":{"line":70,"column":43}},"loc":{"start":{"line":70,"column":51},"end":{"line":74,"column":9}},"line":70},"9":{"name":"(anonymous_9)","decl":{"start":{"line":92,"column":24},"end":{"line":92,"column":25}},"loc":{"start":{"line":92,"column":35},"end":{"line":92,"column":61}},"line":92},"10":{"name":"(anonymous_10)","decl":{"start":{"line":95,"column":17},"end":{"line":95,"column":18}},"loc":{"start":{"line":95,"column":43},"end":{"line":104,"column":5}},"line":95},"11":{"name":"(anonymous_11)","decl":{"start":{"line":105,"column":19},"end":{"line":105,"column":20}},"loc":{"start":{"line":105,"column":29},"end":{"line":108,"column":5}},"line":105},"12":{"name":"(anonymous_12)","decl":{"start":{"line":109,"column":21},"end":{"line":109,"column":22}},"loc":{"start":{"line":109,"column":31},"end":{"line":116,"column":5}},"line":109}},"branchMap":{"0":{"loc":{"start":{"line":19,"column":4},"end":{"line":33,"column":5}},"type":"if","locations":[{"start":{"line":19,"column":4},"end":{"line":33,"column":5}},{"start":{"line":19,"column":4},"end":{"line":33,"column":5}}],"line":19},"1":{"loc":{"start":{"line":19,"column":8},"end":{"line":19,"column":52}},"type":"binary-expr","locations":[{"start":{"line":19,"column":8},"end":{"line":19,"column":20}},{"start":{"line":19,"column":24},"end":{"line":19,"column":36}},{"start":{"line":19,"column":40},"end":{"line":19,"column":52}}],"line":19},"2":{"loc":{"start":{"line":25,"column":9},"end":{"line":33,"column":5}},"type":"if","locations":[{"start":{"line":25,"column":9},"end":{"line":33,"column":5}},{"start":{"line":25,"column":9},"end":{"line":33,"column":5}}],"line":25},"3":{"loc":{"start":{"line":25,"column":13},"end":{"line":25,"column":96}},"type":"binary-expr","locations":[{"start":{"line":25,"column":13},"end":{"line":25,"column":38}},{"start":{"line":25,"column":42},"end":{"line":25,"column":66}},{"start":{"line":25,"column":70},"end":{"line":25,"column":96}}],"line":25},"4":{"loc":{"start":{"line":55,"column":8},"end":{"line":58,"column":9}},"type":"if","locations":[{"start":{"line":55,"column":8},"end":{"line":58,"column":9}},{"start":{"line":55,"column":8},"end":{"line":58,"column":9}}],"line":55},"5":{"loc":{"start":{"line":55,"column":12},"end":{"line":55,"column":99}},"type":"binary-expr","locations":[{"start":{"line":55,"column":12},"end":{"line":55,"column":35}},{"start":{"line":55,"column":39},"end":{"line":55,"column":57}},{"start":{"line":55,"column":62},"end":{"line":55,"column":78}},{"start":{"line":55,"column":82},"end":{"line":55,"column":98}}],"line":55},"6":{"loc":{"start":{"line":67,"column":8},"end":{"line":69,"column":9}},"type":"if","locations":[{"start":{"line":67,"column":8},"end":{"line":69,"column":9}},{"start":{"line":67,"column":8},"end":{"line":69,"column":9}}],"line":67},"7":{"loc":{"start":{"line":71,"column":12},"end":{"line":73,"column":13}},"type":"if","locations":[{"start":{"line":71,"column":12},"end":{"line":73,"column":13}},{"start":{"line":71,"column":12},"end":{"line":73,"column":13}}],"line":71},"8":{"loc":{"start":{"line":71,"column":16},"end":{"line":71,"column":60}},"type":"binary-expr","locations":[{"start":{"line":71,"column":16},"end":{"line":71,"column":21}},{"start":{"line":71,"column":25},"end":{"line":71,"column":60}}],"line":71},"9":{"loc":{"start":{"line":76,"column":12},"end":{"line":78,"column":13}},"type":"if","locations":[{"start":{"line":76,"column":12},"end":{"line":78,"column":13}},{"start":{"line":76,"column":12},"end":{"line":78,"column":13}}],"line":76},"10":{"loc":{"start":{"line":82,"column":34},"end":{"line":82,"column":88}},"type":"cond-expr","locations":[{"start":{"line":82,"column":55},"end":{"line":82,"column":81}},{"start":{"line":82,"column":84},"end":{"line":82,"column":88}}],"line":82},"11":{"loc":{"start":{"line":83,"column":16},"end":{"line":85,"column":17}},"type":"if","locations":[{"start":{"line":83,"column":16},"end":{"line":85,"column":17}},{"start":{"line":83,"column":16},"end":{"line":85,"column":17}}],"line":83},"12":{"loc":{"start":{"line":96,"column":8},"end":{"line":98,"column":9}},"type":"if","locations":[{"start":{"line":96,"column":8},"end":{"line":98,"column":9}},{"start":{"line":96,"column":8},"end":{"line":98,"column":9}}],"line":96},"13":{"loc":{"start":{"line":100,"column":8},"end":{"line":102,"column":9}},"type":"if","locations":[{"start":{"line":100,"column":8},"end":{"line":102,"column":9}},{"start":{"line":100,"column":8},"end":{"line":102,"column":9}}],"line":100},"14":{"loc":{"start":{"line":110,"column":8},"end":{"line":115,"column":9}},"type":"if","locations":[{"start":{"line":110,"column":8},"end":{"line":115,"column":9}},{"start":{"line":110,"column":8},"end":{"line":115,"column":9}}],"line":110}},"s":{"0":1,"1":1,"2":1,"3":1,"4":1,"5":1,"6":1,"7":1,"8":0,"9":0,"10":0,"11":0,"12":0,"13":0,"14":0,"15":0,"16":0,"17":0,"18":0,"19":0,"20":0,"21":0,"22":0,"23":0,"24":0,"25":0,"26":0,"27":0,"28":0,"29":0,"30":0,"31":0,"32":0,"33":0,"34":0,"35":0,"36":0,"37":0,"38":0,"39":0,"40":0,"41":0,"42":0,"43":0,"44":0,"45":0,"46":0,"47":0,"48":0,"49":0,"50":0,"51":0,"52":0,"53":0,"54":0,"55":0,"56":0,"57":0,"58":0,"59":0,"60":0,"61":0,"62":0,"63":0,"64":0,"65":0,"66":0,"67":0,"68":0,"69":0,"70":0,"71":0,"72":0,"73":0,"74":0,"75":0,"76":0,"77":0,"78":0,"79":1},"f":{"0":0,"1":0,"2":0,"3":0,"4":0,"5":0,"6":0,"7":0,"8":0,"9":0,"10":0,"11":0,"12":0},"b":{"0":[0,0],"1":[0,0,0],"2":[0,0],"3":[0,0,0],"4":[0,0],"5":[0,0,0,0],"6":[0,0],"7":[0,0],"8":[0,0],"9":[0,0],"10":[0,0],"11":[0,0],"12":[0,0],"13":[0,0],"14":[0,0]},"inputSourceMap":{"version":3,"file":"/Users/ldlafountaine/code/got/source/as-stream.ts","sources":["/Users/ldlafountaine/code/got/source/as-stream.ts"],"names":[],"mappings":";;AAAA,uCAAwC;AACxC,iCAAkC;AAClC,+BAAqD;AACrD,mCAAgF;AAChF,qCAA8C;AAC9C,yEAA8E;AAG9E,MAAa,WAAyB,SAAQ,eAAY;CAEzD;AAFD,kCAEC;AAED,SAAwB,QAAQ,CAAI,OAA0B;IAC7D,MAAM,KAAK,GAAG,IAAI,oBAAiB,EAAE,CAAC;IACtC,MAAM,MAAM,GAAG,IAAI,oBAAiB,EAAE,CAAC;IACvC,MAAM,KAAK,GAAG,SAAS,CAAC,KAAK,EAAE,MAAM,CAAgB,CAAC;IACtD,MAAM,KAAK,GAAG,IAAI,GAAG,EAAkB,CAAC;IACxC,IAAI,UAAU,GAAG,KAAK,CAAC;IAEvB,OAAO,CAAC,KAAK,CAAC,cAAc,GAAG,GAAG,EAAE,CAAC,CAAC,CAAC;IAEvC,IAAI,OAAO,CAAC,IAAI,IAAI,OAAO,CAAC,IAAI,IAAI,OAAO,CAAC,IAAI,EAAE;QACjD,KAAK,CAAC,KAAK,GAAG,GAAG,EAAE;YAClB,KAAK,CAAC,OAAO,EAAE,CAAC;YAChB,MAAM,IAAI,KAAK,CAAC,gFAAgF,CAAC,CAAC;QACnG,CAAC,CAAC;KACF;SAAM,IAAI,OAAO,CAAC,MAAM,KAAK,MAAM,IAAI,OAAO,CAAC,MAAM,KAAK,KAAK,IAAI,OAAO,CAAC,MAAM,KAAK,OAAO,EAAE;QAC/F,OAAO,CAAC,IAAI,GAAG,KAAK,CAAC;KACrB;SAAM;QACN,KAAK,CAAC,KAAK,GAAG,GAAG,EAAE;YAClB,KAAK,CAAC,OAAO,EAAE,CAAC;YAChB,MAAM,IAAI,SAAS,CAAC,SAAS,OAAO,CAAC,MAAM,sCAAsC,CAAC,CAAC;QACpF,CAAC,CAAC;KACF;IAED,MAAM,OAAO,GAAG,kCAAqB,CAAC,OAAO,CAAC,CAAC;IAE/C,MAAM,SAAS,GAAG,KAAK,EAAE,KAAmB,EAAiB,EAAE;QAC9D,IAAI;YACH,KAAK,MAAM,IAAI,IAAI,OAAO,CAAC,KAAK,CAAC,WAAW,EAAE;gBAC7C,4CAA4C;gBAC5C,KAAK,GAAG,MAAM,IAAI,CAAC,KAAK,CAAC,CAAC;aAC1B;YAED,KAAK,CAAC,IAAI,CAAC,OAAO,EAAE,KAAK,CAAC,CAAC;SAC3B;QAAC,OAAO,MAAM,EAAE;YAChB,KAAK,CAAC,IAAI,CAAC,OAAO,EAAE,MAAM,CAAC,CAAC;SAC5B;IACF,CAAC,CAAC;IAEF,sBAAsB;IACtB,KAAK,CAAC,QAAQ,GAAG,CAAC,KAAK,EAAE,QAAQ,EAAE,EAAE;QACpC,QAAQ,CAAC,KAAK,CAAC,CAAC;QAChB,OAAO,CAAC,KAAK,EAAE,CAAC;IACjB,CAAC,CAAC;IAEF,OAAO,CAAC,EAAE,CAAC,UAAU,EAAE,CAAC,QAAkB,EAAE,EAAE;QAC7C,MAAM,EAAC,UAAU,EAAE,WAAW,EAAC,GAAG,QAAQ,CAAC;QAC3C,KAAK,CAAC,WAAW,GAAG,WAAW,CAAC;QAEhC,IAAI,OAAO,CAAC,eAAe,IAAI,UAAU,KAAK,GAAG,IAAI,CAAC,UAAU,GAAG,GAAG,IAAI,UAAU,GAAG,GAAG,CAAC,EAAE;YAC5F,SAAS,CAAC,IAAI,kBAAS,CAAC,QAAQ,EAAE,OAAO,CAAC,CAAC,CAAC;YAC5C,OAAO;SACP;QAED;YACC,MAAM,IAAI,GAAG,KAAK,CAAC,KAAK,CAAC;YACzB,KAAK,CAAC,KAAK,GAAG,CAAC,GAAG,IAAI,EAAE,EAAE;gBACzB,UAAU,GAAG,IAAI,CAAC;gBAElB,KAAK,CAAC,KAAK,GAAG,IAAI,CAAC;gBACnB,OAAO,IAAI,CAAC,KAAK,CAAC,KAAK,EAAE,IAAI,CAAC,CAAC;YAChC,CAAC,CAAC;SACF;QAED,IAAI,OAAO,CAAC,QAAQ,EAAE;YACrB,KAAK,CAAC,WAAW,CAAC,OAAO,CAAC,QAAQ,CAAC,CAAC;SACpC;QAED,MAAM,CAAC,QAAQ,CACd,QAAQ,EACR,MAAM,EACN,KAAK,CAAC,EAAE;YACP,IAAI,KAAK,IAAI,KAAK,CAAC,OAAO,KAAK,iBAAiB,EAAE;gBACjD,SAAS,CAAC,IAAI,kBAAS,CAAC,KAAK,EAAE,OAAO,CAAC,CAAC,CAAC;aACzC;QACF,CAAC,CACD,CAAC;QAEF,KAAK,MAAM,WAAW,IAAI,KAAK,EAAE;YAChC,IAAI,WAAW,CAAC,WAAW,EAAE;gBAC5B,SAAS;aACT;YAED,KAAK,MAAM,CAAC,GAAG,EAAE,KAAK,CAAC,IAAI,MAAM,CAAC,OAAO,CAAC,QAAQ,CAAC,OAAO,CAAC,EAAE;gBAC5D,gGAAgG;gBAChG,oEAAoE;gBACpE,MAAM,SAAS,GAAG,OAAO,CAAC,UAAU,CAAC,CAAC,CAAC,GAAG,KAAK,kBAAkB,CAAC,CAAC,CAAC,IAAI,CAAC;gBACzE,IAAI,SAAS,EAAE;oBACd,WAAW,CAAC,SAAS,CAAC,GAAG,EAAE,KAAM,CAAC,CAAC;iBACnC;aACD;YAED,WAAW,CAAC,UAAU,GAAG,QAAQ,CAAC,UAAU,CAAC;SAC7C;QAED,KAAK,CAAC,IAAI,CAAC,UAAU,EAAE,QAAQ,CAAC,CAAC;IAClC,CAAC,CAAC,CAAC;IAEH,sCAAW,CAAC,KAAK,EAAE,OAAO,CAAC,CAAC;IAC5B,OAAO,CAAC,EAAE,CAAC,OAAO,EAAE,CAAC,KAAmB,EAAE,EAAE,CAAC,KAAK,CAAC,IAAI,CAAC,OAAO,EAAE,KAAK,CAAC,CAAC,CAAC;IAEzE,MAAM,IAAI,GAAG,KAAK,CAAC,IAAI,CAAC,IAAI,CAAC,KAAK,CAAC,CAAC;IACpC,MAAM,MAAM,GAAG,KAAK,CAAC,MAAM,CAAC,IAAI,CAAC,KAAK,CAAC,CAAC;IAExC,KAAK,CAAC,IAAI,GAAG,CAAC,WAAW,EAAE,OAAO,EAAE,EAAE;QACrC,IAAI,UAAU,EAAE;YACf,MAAM,IAAI,KAAK,CAAC,wDAAwD,CAAC,CAAC;SAC1E;QAED,IAAI,CAAC,WAAW,EAAE,OAAO,CAAC,CAAC;QAE3B,IAAI,WAAW,YAAY,qBAAc,EAAE;YAC1C,KAAK,CAAC,GAAG,CAAC,WAAW,CAAC,CAAC;SACvB;QAED,OAAO,WAAW,CAAC;IACpB,CAAC,CAAC;IAEF,KAAK,CAAC,MAAM,GAAG,MAAM,CAAC,EAAE;QACvB,KAAK,CAAC,MAAM,CAAC,MAAwB,CAAC,CAAC;QACvC,OAAO,MAAM,CAAC,MAAM,CAAC,CAAC;IACvB,CAAC,CAAC;IAEF,KAAK,CAAC,EAAE,CAAC,MAAM,EAAE,MAAM,CAAC,EAAE;QACzB,IAAI,MAAM,YAAY,sBAAe,EAAE;YACtC,OAAO,CAAC,OAAO,GAAG;gBACjB,GAAG,MAAM,CAAC,OAAO;gBACjB,GAAG,OAAO,CAAC,OAAO;aAClB,CAAC;SACF;IACF,CAAC,CAAC,CAAC;IAEH,KAAK,CAAC,WAAW,GAAG,SAAS,CAAC;IAE9B,OAAO,KAAK,CAAC;AACd,CAAC;AAtID,2BAsIC","sourcesContent":["import duplexer3 = require('duplexer3');\nimport stream = require('stream');\nimport {IncomingMessage, ServerResponse} from 'http';\nimport {Duplex as DuplexStream, PassThrough as PassThroughStream} from 'stream';\nimport {HTTPError, ReadError} from './errors';\nimport requestAsEventEmitter, {proxyEvents} from './request-as-event-emitter';\nimport {GeneralError, GotEvents, NormalizedOptions, Response} from './types';\n\nexport class ProxyStream<T = unknown> extends DuplexStream implements GotEvents<ProxyStream<T>> {\n\tisFromCache?: boolean;\n}\n\nexport default function asStream<T>(options: NormalizedOptions): ProxyStream<T> {\n\tconst input = new PassThroughStream();\n\tconst output = new PassThroughStream();\n\tconst proxy = duplexer3(input, output) as ProxyStream;\n\tconst piped = new Set<ServerResponse>();\n\tlet isFinished = false;\n\n\toptions.retry.calculateDelay = () => 0;\n\n\tif (options.body || options.json || options.form) {\n\t\tproxy.write = () => {\n\t\t\tproxy.destroy();\n\t\t\tthrow new Error('Got\\'s stream is not writable when the `body`, `json` or `form` option is used');\n\t\t};\n\t} else if (options.method === 'POST' || options.method === 'PUT' || options.method === 'PATCH') {\n\t\toptions.body = input;\n\t} else {\n\t\tproxy.write = () => {\n\t\t\tproxy.destroy();\n\t\t\tthrow new TypeError(`The \\`${options.method}\\` method cannot be used with a body`);\n\t\t};\n\t}\n\n\tconst emitter = requestAsEventEmitter(options);\n\n\tconst emitError = async (error: GeneralError): Promise<void> => {\n\t\ttry {\n\t\t\tfor (const hook of options.hooks.beforeError) {\n\t\t\t\t// eslint-disable-next-line no-await-in-loop\n\t\t\t\terror = await hook(error);\n\t\t\t}\n\n\t\t\tproxy.emit('error', error);\n\t\t} catch (error_) {\n\t\t\tproxy.emit('error', error_);\n\t\t}\n\t};\n\n\t// Cancels the request\n\tproxy._destroy = (error, callback) => {\n\t\tcallback(error);\n\t\temitter.abort();\n\t};\n\n\temitter.on('response', (response: Response) => {\n\t\tconst {statusCode, isFromCache} = response;\n\t\tproxy.isFromCache = isFromCache;\n\n\t\tif (options.throwHttpErrors && statusCode !== 304 && (statusCode < 200 || statusCode > 299)) {\n\t\t\temitError(new HTTPError(response, options));\n\t\t\treturn;\n\t\t}\n\n\t\t{\n\t\t\tconst read = proxy._read;\n\t\t\tproxy._read = (...args) => {\n\t\t\t\tisFinished = true;\n\n\t\t\t\tproxy._read = read;\n\t\t\t\treturn read.apply(proxy, args);\n\t\t\t};\n\t\t}\n\n\t\tif (options.encoding) {\n\t\t\tproxy.setEncoding(options.encoding);\n\t\t}\n\n\t\tstream.pipeline(\n\t\t\tresponse,\n\t\t\toutput,\n\t\t\terror => {\n\t\t\t\tif (error && error.message !== 'Premature close') {\n\t\t\t\t\temitError(new ReadError(error, options));\n\t\t\t\t}\n\t\t\t}\n\t\t);\n\n\t\tfor (const destination of piped) {\n\t\t\tif (destination.headersSent) {\n\t\t\t\tcontinue;\n\t\t\t}\n\n\t\t\tfor (const [key, value] of Object.entries(response.headers)) {\n\t\t\t\t// Got gives *decompressed* data. Overriding `content-encoding` header would result in an error.\n\t\t\t\t// It's not possible to decompress already decompressed data, is it?\n\t\t\t\tconst isAllowed = options.decompress ? key !== 'content-encoding' : true;\n\t\t\t\tif (isAllowed) {\n\t\t\t\t\tdestination.setHeader(key, value!);\n\t\t\t\t}\n\t\t\t}\n\n\t\t\tdestination.statusCode = response.statusCode;\n\t\t}\n\n\t\tproxy.emit('response', response);\n\t});\n\n\tproxyEvents(proxy, emitter);\n\temitter.on('error', (error: GeneralError) => proxy.emit('error', error));\n\n\tconst pipe = proxy.pipe.bind(proxy);\n\tconst unpipe = proxy.unpipe.bind(proxy);\n\n\tproxy.pipe = (destination, options) => {\n\t\tif (isFinished) {\n\t\t\tthrow new Error('Failed to pipe. The response has been emitted already.');\n\t\t}\n\n\t\tpipe(destination, options);\n\n\t\tif (destination instanceof ServerResponse) {\n\t\t\tpiped.add(destination);\n\t\t}\n\n\t\treturn destination;\n\t};\n\n\tproxy.unpipe = stream => {\n\t\tpiped.delete(stream as ServerResponse);\n\t\treturn unpipe(stream);\n\t};\n\n\tproxy.on('pipe', source => {\n\t\tif (source instanceof IncomingMessage) {\n\t\t\toptions.headers = {\n\t\t\t\t...source.headers,\n\t\t\t\t...options.headers\n\t\t\t};\n\t\t}\n\t});\n\n\tproxy.isFromCache = undefined;\n\n\treturn proxy;\n}\n"]},"_coverageSchema":"1a1c01bbd47fc00a2c39e90264f33305004495a9","hash":"8e85fcc033b4c81f338cb84274be95b01cff3045","contentHash":"2cd0a1afb729e9ce3526ade58a014d317688c8063ad4d851364be4afc5239f74"},"/Users/ldlafountaine/code/got/source/utils/deep-freeze.ts":{"path":"/Users/ldlafountaine/code/got/source/utils/deep-freeze.ts","statementMap":{"0":{"start":{"line":2,"column":0},"end":{"line":2,"column":62}},"1":{"start":{"line":3,"column":13},"end":{"line":3,"column":40}},"2":{"start":{"line":5,"column":4},"end":{"line":9,"column":5}},"3":{"start":{"line":6,"column":8},"end":{"line":8,"column":9}},"4":{"start":{"line":7,"column":12},"end":{"line":7,"column":30}},"5":{"start":{"line":10,"column":4},"end":{"line":10,"column":33}},"6":{"start":{"line":12,"column":0},"end":{"line":12,"column":29}}},"fnMap":{"0":{"name":"deepFreeze","decl":{"start":{"line":4,"column":9},"end":{"line":4,"column":19}},"loc":{"start":{"line":4,"column":28},"end":{"line":11,"column":1}},"line":4}},"branchMap":{"0":{"loc":{"start":{"line":6,"column":8},"end":{"line":8,"column":9}},"type":"if","locations":[{"start":{"line":6,"column":8},"end":{"line":8,"column":9}},{"start":{"line":6,"column":8},"end":{"line":8,"column":9}}],"line":6},"1":{"loc":{"start":{"line":6,"column":12},"end":{"line":6,"column":72}},"type":"binary-expr","locations":[{"start":{"line":6,"column":12},"end":{"line":6,"column":43}},{"start":{"line":6,"column":47},"end":{"line":6,"column":72}}],"line":6}},"s":{"0":1,"1":1,"2":35,"3":123,"4":33,"5":35,"6":1},"f":{"0":35},"b":{"0":[33,90],"1":[123,112]},"inputSourceMap":{"version":3,"file":"/Users/ldlafountaine/code/got/source/utils/deep-freeze.ts","sources":["/Users/ldlafountaine/code/got/source/utils/deep-freeze.ts"],"names":[],"mappings":";;AAAA,yCAAkC;AAElC,SAAwB,UAAU,CAAmB,MAAS;IAC7D,KAAK,MAAM,KAAK,IAAI,MAAM,CAAC,MAAM,CAAC,MAAM,CAAC,EAAE;QAC1C,IAAI,YAAE,CAAC,WAAW,CAAC,KAAK,CAAC,IAAI,YAAE,CAAC,KAAK,CAAC,KAAK,CAAC,EAAE;YAC7C,UAAU,CAAC,KAAK,CAAC,CAAC;SAClB;KACD;IAED,OAAO,MAAM,CAAC,MAAM,CAAC,MAAM,CAAC,CAAC;AAC9B,CAAC;AARD,6BAQC","sourcesContent":["import is from '@sindresorhus/is';\n\nexport default function deepFreeze<T extends object>(object: T): Readonly<T> {\n\tfor (const value of Object.values(object)) {\n\t\tif (is.plainObject(value) || is.array(value)) {\n\t\t\tdeepFreeze(value);\n\t\t}\n\t}\n\n\treturn Object.freeze(object);\n}\n"]},"_coverageSchema":"1a1c01bbd47fc00a2c39e90264f33305004495a9","hash":"a5ee688bf3d59d1706f34820c8f68c513cabc2f8","contentHash":"c409c48437a730a021bf3ead05f133308c50273b43d90406cc7bce6aa649c9d4"}}